	28/04/2025 16:19:35	Dal.CustomerImplementation.ReadAll:	start readAll in customer
		28/04/2025 16:19:35	Dal.CustomerImplementation.Deserialize:	start deserialize in customer
		28/04/2025 16:19:35	Dal.CustomerImplementation.Deserialize:	end deserialize in customer
	28/04/2025 16:19:35	Dal.CustomerImplementation.ReadAll:	end readAll in customer
	28/04/2025 16:19:50	Dal.ProductImplementation.ReadAll:	start readAll in product
		28/04/2025 16:19:50	Dal.ProductImplementation.Deserialize:	start deserialize in product
		28/04/2025 16:19:50	Dal.ProductImplementation.Deserialize:	end deserialize in product
	28/04/2025 16:19:50	Dal.ProductImplementation.ReadAll:	end readAll in product
	28/04/2025 16:19:50	Dal.SaleImplementation.ReadAll:	start readAll in sale
	28/04/2025 16:19:50	Dal.SaleImplementation.ReadAll:	end readAll in sale
	28/04/2025 16:19:50	Dal.SaleImplementation.ReadAll:	start readAll in sale
	28/04/2025 16:19:50	Dal.SaleImplementation.ReadAll:	end readAll in sale
	28/04/2025 16:19:50	Dal.SaleImplementation.ReadAll:	start readAll in sale
	28/04/2025 16:19:50	Dal.SaleImplementation.ReadAll:	end readAll in sale
	28/04/2025 16:20:00	Dal.CustomerImplementation.Read:	start read in customer
		28/04/2025 16:20:00	Dal.CustomerImplementation.Deserialize:	start deserialize in customer
		28/04/2025 16:20:00	Dal.CustomerImplementation.Deserialize:	end deserialize in customer
	28/04/2025 16:20:00	Dal.CustomerImplementation.Read:	end read in customer
	28/04/2025 16:20:00	Dal.ProductImplementation.ReadAll:	start readAll in product
		28/04/2025 16:20:00	Dal.ProductImplementation.Deserialize:	start deserialize in product
		28/04/2025 16:20:00	Dal.ProductImplementation.Deserialize:	end deserialize in product
	28/04/2025 16:20:00	Dal.ProductImplementation.ReadAll:	end readAll in product
	28/04/2025 16:20:00	Dal.SaleImplementation.ReadAll:	start readAll in sale
	28/04/2025 16:20:00	Dal.SaleImplementation.ReadAll:	end readAll in sale
	28/04/2025 16:20:00	Dal.SaleImplementation.ReadAll:	start readAll in sale
	28/04/2025 16:20:00	Dal.SaleImplementation.ReadAll:	end readAll in sale
	28/04/2025 16:20:00	Dal.SaleImplementation.ReadAll:	start readAll in sale
	28/04/2025 16:20:00	Dal.SaleImplementation.ReadAll:	end readAll in sale
	28/04/2025 16:20:00	Dal.CustomerImplementation.Read:	start read in customer
		28/04/2025 16:20:00	Dal.CustomerImplementation.Deserialize:	start deserialize in customer
		28/04/2025 16:20:00	Dal.CustomerImplementation.Deserialize:	end deserialize in customer
	28/04/2025 16:20:00	Dal.CustomerImplementation.Read:	end read in customer
	28/04/2025 16:20:00	Dal.ProductImplementation.ReadAll:	start readAll in product
		28/04/2025 16:20:00	Dal.ProductImplementation.Deserialize:	start deserialize in product
		28/04/2025 16:20:00	Dal.ProductImplementation.Deserialize:	end deserialize in product
	28/04/2025 16:20:00	Dal.ProductImplementation.ReadAll:	end readAll in product
	28/04/2025 16:20:00	Dal.SaleImplementation.ReadAll:	start readAll in sale
	28/04/2025 16:20:00	Dal.SaleImplementation.ReadAll:	end readAll in sale
	28/04/2025 16:20:00	Dal.SaleImplementation.ReadAll:	start readAll in sale
	28/04/2025 16:20:00	Dal.SaleImplementation.ReadAll:	end readAll in sale
	28/04/2025 16:20:00	Dal.SaleImplementation.ReadAll:	start readAll in sale
	28/04/2025 16:20:00	Dal.SaleImplementation.ReadAll:	end readAll in sale
	28/04/2025 16:20:00	Dal.CustomerImplementation.Read:	start read in customer
		28/04/2025 16:20:00	Dal.CustomerImplementation.Deserialize:	start deserialize in customer
		28/04/2025 16:20:00	Dal.CustomerImplementation.Deserialize:	end deserialize in customer
	28/04/2025 16:20:00	Dal.CustomerImplementation.Read:	end read in customer
	28/04/2025 16:20:00	Dal.ProductImplementation.ReadAll:	start readAll in product
		28/04/2025 16:20:00	Dal.ProductImplementation.Deserialize:	start deserialize in product
		28/04/2025 16:20:00	Dal.ProductImplementation.Deserialize:	end deserialize in product
	28/04/2025 16:20:00	Dal.ProductImplementation.ReadAll:	end readAll in product
	28/04/2025 16:20:00	Dal.SaleImplementation.ReadAll:	start readAll in sale
	28/04/2025 16:20:00	Dal.SaleImplementation.ReadAll:	end readAll in sale
	28/04/2025 16:20:00	Dal.SaleImplementation.ReadAll:	start readAll in sale
	28/04/2025 16:20:00	Dal.SaleImplementation.ReadAll:	end readAll in sale
	28/04/2025 16:20:00	Dal.SaleImplementation.ReadAll:	start readAll in sale
	28/04/2025 16:20:00	Dal.SaleImplementation.ReadAll:	end readAll in sale
	28/04/2025 16:20:00	Dal.CustomerImplementation.Read:	start read in customer
		28/04/2025 16:20:00	Dal.CustomerImplementation.Deserialize:	start deserialize in customer
		28/04/2025 16:20:00	Dal.CustomerImplementation.Deserialize:	end deserialize in customer
	28/04/2025 16:20:00	Dal.CustomerImplementation.Read:	end read in customer
	28/04/2025 16:20:00	Dal.ProductImplementation.ReadAll:	start readAll in product
		28/04/2025 16:20:00	Dal.ProductImplementation.Deserialize:	start deserialize in product
		28/04/2025 16:20:00	Dal.ProductImplementation.Deserialize:	end deserialize in product
	28/04/2025 16:20:00	Dal.ProductImplementation.ReadAll:	end readAll in product
	28/04/2025 16:20:00	Dal.SaleImplementation.ReadAll:	start readAll in sale
	28/04/2025 16:20:00	Dal.SaleImplementation.ReadAll:	end readAll in sale
	28/04/2025 16:20:00	Dal.SaleImplementation.ReadAll:	start readAll in sale
	28/04/2025 16:20:00	Dal.SaleImplementation.ReadAll:	end readAll in sale
	28/04/2025 16:20:00	Dal.SaleImplementation.ReadAll:	start readAll in sale
	28/04/2025 16:20:00	Dal.SaleImplementation.ReadAll:	end readAll in sale
	28/04/2025 16:24:01	Dal.CustomerImplementation.Read:	start read in customer
		28/04/2025 16:24:01	Dal.CustomerImplementation.Deserialize:	start deserialize in customer
		28/04/2025 16:24:01	Dal.CustomerImplementation.Deserialize:	end deserialize in customer
	28/04/2025 16:24:01	Dal.CustomerImplementation.Read:	end read in customer
	28/04/2025 16:24:01	Dal.ProductImplementation.ReadAll:	start readAll in product
		28/04/2025 16:24:01	Dal.ProductImplementation.Deserialize:	start deserialize in product
		28/04/2025 16:24:01	Dal.ProductImplementation.Deserialize:	end deserialize in product
	28/04/2025 16:24:01	Dal.ProductImplementation.ReadAll:	end readAll in product
	28/04/2025 16:24:01	Dal.SaleImplementation.ReadAll:	start readAll in sale
	28/04/2025 16:24:01	Dal.SaleImplementation.ReadAll:	end readAll in sale
	28/04/2025 16:24:01	Dal.SaleImplementation.ReadAll:	start readAll in sale
	28/04/2025 16:24:01	Dal.SaleImplementation.ReadAll:	end readAll in sale
	28/04/2025 16:24:01	Dal.SaleImplementation.ReadAll:	start readAll in sale
	28/04/2025 16:24:01	Dal.SaleImplementation.ReadAll:	end readAll in sale
	28/04/2025 16:24:01	Dal.CustomerImplementation.Read:	start read in customer
		28/04/2025 16:24:01	Dal.CustomerImplementation.Deserialize:	start deserialize in customer
		28/04/2025 16:24:01	Dal.CustomerImplementation.Deserialize:	end deserialize in customer
	28/04/2025 16:24:01	Dal.CustomerImplementation.Read:	end read in customer
	28/04/2025 16:24:01	Dal.ProductImplementation.ReadAll:	start readAll in product
		28/04/2025 16:24:01	Dal.ProductImplementation.Deserialize:	start deserialize in product
		28/04/2025 16:24:01	Dal.ProductImplementation.Deserialize:	end deserialize in product
	28/04/2025 16:24:01	Dal.ProductImplementation.ReadAll:	end readAll in product
	28/04/2025 16:24:01	Dal.SaleImplementation.ReadAll:	start readAll in sale
	28/04/2025 16:24:01	Dal.SaleImplementation.ReadAll:	end readAll in sale
	28/04/2025 16:24:01	Dal.SaleImplementation.ReadAll:	start readAll in sale
	28/04/2025 16:24:01	Dal.SaleImplementation.ReadAll:	end readAll in sale
	28/04/2025 16:24:01	Dal.SaleImplementation.ReadAll:	start readAll in sale
	28/04/2025 16:24:01	Dal.SaleImplementation.ReadAll:	end readAll in sale
	28/04/2025 16:24:01	Dal.CustomerImplementation.Read:	start read in customer
		28/04/2025 16:24:01	Dal.CustomerImplementation.Deserialize:	start deserialize in customer
		28/04/2025 16:24:01	Dal.CustomerImplementation.Deserialize:	end deserialize in customer
	28/04/2025 16:24:01	Dal.CustomerImplementation.Read:	end read in customer
	28/04/2025 16:24:01	Dal.ProductImplementation.ReadAll:	start readAll in product
		28/04/2025 16:24:01	Dal.ProductImplementation.Deserialize:	start deserialize in product
		28/04/2025 16:24:01	Dal.ProductImplementation.Deserialize:	end deserialize in product
	28/04/2025 16:24:01	Dal.ProductImplementation.ReadAll:	end readAll in product
	28/04/2025 16:24:01	Dal.SaleImplementation.ReadAll:	start readAll in sale
	28/04/2025 16:24:01	Dal.SaleImplementation.ReadAll:	end readAll in sale
	28/04/2025 16:24:01	Dal.SaleImplementation.ReadAll:	start readAll in sale
	28/04/2025 16:24:01	Dal.SaleImplementation.ReadAll:	end readAll in sale
	28/04/2025 16:24:01	Dal.SaleImplementation.ReadAll:	start readAll in sale
	28/04/2025 16:24:01	Dal.SaleImplementation.ReadAll:	end readAll in sale
	28/04/2025 16:24:01	Dal.CustomerImplementation.Read:	start read in customer
		28/04/2025 16:24:01	Dal.CustomerImplementation.Deserialize:	start deserialize in customer
		28/04/2025 16:24:01	Dal.CustomerImplementation.Deserialize:	end deserialize in customer
	28/04/2025 16:24:01	Dal.CustomerImplementation.Read:	end read in customer
	28/04/2025 16:24:01	Dal.ProductImplementation.ReadAll:	start readAll in product
		28/04/2025 16:24:01	Dal.ProductImplementation.Deserialize:	start deserialize in product
		28/04/2025 16:24:01	Dal.ProductImplementation.Deserialize:	end deserialize in product
	28/04/2025 16:24:01	Dal.ProductImplementation.ReadAll:	end readAll in product
	28/04/2025 16:24:01	Dal.SaleImplementation.ReadAll:	start readAll in sale
	28/04/2025 16:24:01	Dal.SaleImplementation.ReadAll:	end readAll in sale
	28/04/2025 16:24:01	Dal.SaleImplementation.ReadAll:	start readAll in sale
	28/04/2025 16:24:01	Dal.SaleImplementation.ReadAll:	end readAll in sale
	28/04/2025 16:24:01	Dal.SaleImplementation.ReadAll:	start readAll in sale
	28/04/2025 16:24:01	Dal.SaleImplementation.ReadAll:	end readAll in sale
	28/04/2025 16:24:08	Dal.ProductImplementation.Read:	start read in product
		28/04/2025 16:24:08	Dal.ProductImplementation.Deserialize:	start deserialize in product
		28/04/2025 16:24:08	Dal.ProductImplementation.Deserialize:	end deserialize in product
	28/04/2025 16:24:08	Dal.ProductImplementation.Read:	end read in product
	28/04/2025 16:24:08	Dal.SaleImplementation.ReadAll:	start readAll in sale
	28/04/2025 16:24:08	Dal.SaleImplementation.ReadAll:	end readAll in sale
	28/04/2025 16:25:23	Dal.ProductImplementation.Read:	start read in product
		28/04/2025 16:25:23	Dal.ProductImplementation.Deserialize:	start deserialize in product
		28/04/2025 16:25:23	Dal.ProductImplementation.Deserialize:	end deserialize in product
	28/04/2025 16:25:23	Dal.ProductImplementation.Read:	end read in product
	28/04/2025 16:25:23	Dal.SaleImplementation.ReadAll:	start readAll in sale
	28/04/2025 16:25:23	Dal.SaleImplementation.ReadAll:	end readAll in sale
