	01/05/2025 18:02:12	Dal.CustomerImplementation.Read:	start read in customer
		01/05/2025 18:02:12	Dal.CustomerImplementation.Deserialize:	start deserialize in customer
		01/05/2025 18:02:12	Dal.CustomerImplementation.Deserialize:	end deserialize in customer
	01/05/2025 18:02:12	Dal.CustomerImplementation.Read:	end read in customer
	01/05/2025 18:02:12	Dal.ProductImplementation.ReadAll:	start readAll in product
		01/05/2025 18:02:12	Dal.ProductImplementation.Deserialize:	start deserialize in product
		01/05/2025 18:02:12	Dal.ProductImplementation.Deserialize:	end deserialize in product
	01/05/2025 18:02:12	Dal.ProductImplementation.ReadAll:	end readAll in product
	01/05/2025 18:02:12	Dal.SaleImplementation.ReadAll:	start readAll in sale
	01/05/2025 18:02:12	Dal.SaleImplementation.ReadAll:	end readAll in sale
	01/05/2025 18:02:12	Dal.SaleImplementation.ReadAll:	start readAll in sale
	01/05/2025 18:02:12	Dal.SaleImplementation.ReadAll:	end readAll in sale
	01/05/2025 18:02:12	Dal.SaleImplementation.ReadAll:	start readAll in sale
	01/05/2025 18:02:12	Dal.SaleImplementation.ReadAll:	end readAll in sale
	01/05/2025 18:02:12	Dal.CustomerImplementation.Read:	start read in customer
		01/05/2025 18:02:12	Dal.CustomerImplementation.Deserialize:	start deserialize in customer
		01/05/2025 18:02:12	Dal.CustomerImplementation.Deserialize:	end deserialize in customer
	01/05/2025 18:02:12	Dal.CustomerImplementation.Read:	end read in customer
	01/05/2025 18:02:12	Dal.ProductImplementation.ReadAll:	start readAll in product
		01/05/2025 18:02:12	Dal.ProductImplementation.Deserialize:	start deserialize in product
		01/05/2025 18:02:12	Dal.ProductImplementation.Deserialize:	end deserialize in product
	01/05/2025 18:02:12	Dal.ProductImplementation.ReadAll:	end readAll in product
	01/05/2025 18:02:12	Dal.SaleImplementation.ReadAll:	start readAll in sale
	01/05/2025 18:02:12	Dal.SaleImplementation.ReadAll:	end readAll in sale
	01/05/2025 18:02:12	Dal.SaleImplementation.ReadAll:	start readAll in sale
	01/05/2025 18:02:12	Dal.SaleImplementation.ReadAll:	end readAll in sale
	01/05/2025 18:02:12	Dal.SaleImplementation.ReadAll:	start readAll in sale
	01/05/2025 18:02:12	Dal.SaleImplementation.ReadAll:	end readAll in sale
	01/05/2025 18:02:12	Dal.CustomerImplementation.Read:	start read in customer
		01/05/2025 18:02:12	Dal.CustomerImplementation.Deserialize:	start deserialize in customer
		01/05/2025 18:02:12	Dal.CustomerImplementation.Deserialize:	end deserialize in customer
	01/05/2025 18:02:12	Dal.CustomerImplementation.Read:	end read in customer
	01/05/2025 18:02:12	Dal.ProductImplementation.ReadAll:	start readAll in product
		01/05/2025 18:02:12	Dal.ProductImplementation.Deserialize:	start deserialize in product
		01/05/2025 18:02:12	Dal.ProductImplementation.Deserialize:	end deserialize in product
	01/05/2025 18:02:12	Dal.ProductImplementation.ReadAll:	end readAll in product
	01/05/2025 18:02:12	Dal.SaleImplementation.ReadAll:	start readAll in sale
	01/05/2025 18:02:12	Dal.SaleImplementation.ReadAll:	end readAll in sale
	01/05/2025 18:02:12	Dal.SaleImplementation.ReadAll:	start readAll in sale
	01/05/2025 18:02:12	Dal.SaleImplementation.ReadAll:	end readAll in sale
	01/05/2025 18:02:12	Dal.SaleImplementation.ReadAll:	start readAll in sale
	01/05/2025 18:02:12	Dal.SaleImplementation.ReadAll:	end readAll in sale
	01/05/2025 18:02:12	Dal.CustomerImplementation.Read:	start read in customer
		01/05/2025 18:02:12	Dal.CustomerImplementation.Deserialize:	start deserialize in customer
		01/05/2025 18:02:12	Dal.CustomerImplementation.Deserialize:	end deserialize in customer
	01/05/2025 18:02:12	Dal.CustomerImplementation.Read:	end read in customer
	01/05/2025 18:02:12	Dal.ProductImplementation.ReadAll:	start readAll in product
		01/05/2025 18:02:12	Dal.ProductImplementation.Deserialize:	start deserialize in product
		01/05/2025 18:02:12	Dal.ProductImplementation.Deserialize:	end deserialize in product
	01/05/2025 18:02:12	Dal.ProductImplementation.ReadAll:	end readAll in product
	01/05/2025 18:02:12	Dal.SaleImplementation.ReadAll:	start readAll in sale
	01/05/2025 18:02:12	Dal.SaleImplementation.ReadAll:	end readAll in sale
	01/05/2025 18:02:12	Dal.SaleImplementation.ReadAll:	start readAll in sale
	01/05/2025 18:02:12	Dal.SaleImplementation.ReadAll:	end readAll in sale
	01/05/2025 18:02:12	Dal.SaleImplementation.ReadAll:	start readAll in sale
	01/05/2025 18:02:12	Dal.SaleImplementation.ReadAll:	end readAll in sale
	01/05/2025 18:03:41	Dal.ProductImplementation.ReadAll:	start readAll in product
		01/05/2025 18:03:41	Dal.ProductImplementation.Deserialize:	start deserialize in product
		01/05/2025 18:03:41	Dal.ProductImplementation.Deserialize:	end deserialize in product
	01/05/2025 18:03:41	Dal.ProductImplementation.ReadAll:	end readAll in product
	01/05/2025 18:03:41	Dal.SaleImplementation.ReadAll:	start readAll in sale
	01/05/2025 18:03:41	Dal.SaleImplementation.ReadAll:	end readAll in sale
	01/05/2025 18:03:41	Dal.SaleImplementation.ReadAll:	start readAll in sale
	01/05/2025 18:03:41	Dal.SaleImplementation.ReadAll:	end readAll in sale
	01/05/2025 18:03:41	Dal.SaleImplementation.ReadAll:	start readAll in sale
	01/05/2025 18:03:41	Dal.SaleImplementation.ReadAll:	end readAll in sale
	01/05/2025 18:15:10	Dal.CustomerImplementation.Read:	start read in customer
		01/05/2025 18:15:10	Dal.CustomerImplementation.Deserialize:	start deserialize in customer
		01/05/2025 18:15:10	Dal.CustomerImplementation.Deserialize:	end deserialize in customer
	01/05/2025 18:15:10	Dal.CustomerImplementation.Read:	end read in customer
	01/05/2025 18:15:10	Dal.ProductImplementation.ReadAll:	start readAll in product
		01/05/2025 18:15:10	Dal.ProductImplementation.Deserialize:	start deserialize in product
		01/05/2025 18:15:10	Dal.ProductImplementation.Deserialize:	end deserialize in product
	01/05/2025 18:15:10	Dal.ProductImplementation.ReadAll:	end readAll in product
	01/05/2025 18:15:10	Dal.SaleImplementation.ReadAll:	start readAll in sale
	01/05/2025 18:15:10	Dal.SaleImplementation.ReadAll:	end readAll in sale
	01/05/2025 18:15:10	Dal.SaleImplementation.ReadAll:	start readAll in sale
	01/05/2025 18:15:10	Dal.SaleImplementation.ReadAll:	end readAll in sale
	01/05/2025 18:15:10	Dal.SaleImplementation.ReadAll:	start readAll in sale
	01/05/2025 18:15:10	Dal.SaleImplementation.ReadAll:	end readAll in sale
	01/05/2025 18:15:10	Dal.CustomerImplementation.Read:	start read in customer
		01/05/2025 18:15:10	Dal.CustomerImplementation.Deserialize:	start deserialize in customer
		01/05/2025 18:15:10	Dal.CustomerImplementation.Deserialize:	end deserialize in customer
	01/05/2025 18:15:10	Dal.CustomerImplementation.Read:	end read in customer
	01/05/2025 18:15:11	Dal.ProductImplementation.ReadAll:	start readAll in product
		01/05/2025 18:15:11	Dal.ProductImplementation.Deserialize:	start deserialize in product
		01/05/2025 18:15:11	Dal.ProductImplementation.Deserialize:	end deserialize in product
	01/05/2025 18:15:11	Dal.ProductImplementation.ReadAll:	end readAll in product
	01/05/2025 18:15:11	Dal.SaleImplementation.ReadAll:	start readAll in sale
	01/05/2025 18:15:11	Dal.SaleImplementation.ReadAll:	end readAll in sale
	01/05/2025 18:15:11	Dal.SaleImplementation.ReadAll:	start readAll in sale
	01/05/2025 18:15:11	Dal.SaleImplementation.ReadAll:	end readAll in sale
	01/05/2025 18:15:11	Dal.SaleImplementation.ReadAll:	start readAll in sale
	01/05/2025 18:15:11	Dal.SaleImplementation.ReadAll:	end readAll in sale
	01/05/2025 18:15:11	Dal.CustomerImplementation.Read:	start read in customer
		01/05/2025 18:15:11	Dal.CustomerImplementation.Deserialize:	start deserialize in customer
		01/05/2025 18:15:11	Dal.CustomerImplementation.Deserialize:	end deserialize in customer
	01/05/2025 18:15:11	Dal.CustomerImplementation.Read:	end read in customer
	01/05/2025 18:15:11	Dal.ProductImplementation.ReadAll:	start readAll in product
		01/05/2025 18:15:11	Dal.ProductImplementation.Deserialize:	start deserialize in product
		01/05/2025 18:15:11	Dal.ProductImplementation.Deserialize:	end deserialize in product
	01/05/2025 18:15:11	Dal.ProductImplementation.ReadAll:	end readAll in product
	01/05/2025 18:15:11	Dal.SaleImplementation.ReadAll:	start readAll in sale
	01/05/2025 18:15:11	Dal.SaleImplementation.ReadAll:	end readAll in sale
	01/05/2025 18:15:11	Dal.SaleImplementation.ReadAll:	start readAll in sale
	01/05/2025 18:15:11	Dal.SaleImplementation.ReadAll:	end readAll in sale
	01/05/2025 18:15:11	Dal.SaleImplementation.ReadAll:	start readAll in sale
	01/05/2025 18:15:11	Dal.SaleImplementation.ReadAll:	end readAll in sale
	01/05/2025 18:15:11	Dal.CustomerImplementation.Read:	start read in customer
		01/05/2025 18:15:11	Dal.CustomerImplementation.Deserialize:	start deserialize in customer
		01/05/2025 18:15:11	Dal.CustomerImplementation.Deserialize:	end deserialize in customer
	01/05/2025 18:15:11	Dal.CustomerImplementation.Read:	end read in customer
	01/05/2025 18:15:11	Dal.ProductImplementation.ReadAll:	start readAll in product
		01/05/2025 18:15:11	Dal.ProductImplementation.Deserialize:	start deserialize in product
		01/05/2025 18:15:11	Dal.ProductImplementation.Deserialize:	end deserialize in product
	01/05/2025 18:15:11	Dal.ProductImplementation.ReadAll:	end readAll in product
	01/05/2025 18:15:11	Dal.SaleImplementation.ReadAll:	start readAll in sale
	01/05/2025 18:15:11	Dal.SaleImplementation.ReadAll:	end readAll in sale
	01/05/2025 18:15:11	Dal.SaleImplementation.ReadAll:	start readAll in sale
	01/05/2025 18:15:11	Dal.SaleImplementation.ReadAll:	end readAll in sale
	01/05/2025 18:15:11	Dal.SaleImplementation.ReadAll:	start readAll in sale
	01/05/2025 18:15:11	Dal.SaleImplementation.ReadAll:	end readAll in sale
	01/05/2025 18:15:52	Dal.ProductImplementation.Read:	start read in product
		01/05/2025 18:15:52	Dal.ProductImplementation.Deserialize:	start deserialize in product
		01/05/2025 18:15:52	Dal.ProductImplementation.Deserialize:	end deserialize in product
	01/05/2025 18:15:52	Dal.ProductImplementation.Read:	end read in product
	01/05/2025 18:15:52	Dal.SaleImplementation.ReadAll:	start readAll in sale
	01/05/2025 18:15:52	Dal.SaleImplementation.ReadAll:	end readAll in sale
	01/05/2025 18:15:58	Dal.ProductImplementation.Read:	start read in product
		01/05/2025 18:15:58	Dal.ProductImplementation.Deserialize:	start deserialize in product
		01/05/2025 18:15:58	Dal.ProductImplementation.Deserialize:	end deserialize in product
	01/05/2025 18:15:58	Dal.ProductImplementation.Read:	end read in product
	01/05/2025 18:15:58	Dal.SaleImplementation.ReadAll:	start readAll in sale
	01/05/2025 18:15:58	Dal.SaleImplementation.ReadAll:	end readAll in sale
