	25/05/2025 16:00:55	Dal.CustomerImplementation.ReadAll:	start readAll in customer
		25/05/2025 16:00:55	Dal.CustomerImplementation.Deserialize:	start deserialize in customer
		25/05/2025 16:00:56	Dal.CustomerImplementation.Deserialize:	end deserialize in customer
	25/05/2025 16:00:56	Dal.CustomerImplementation.ReadAll:	end readAll in customer
	25/05/2025 16:01:02	Dal.CustomerImplementation.ReadAll:	start readAll in customer
		25/05/2025 16:01:02	Dal.CustomerImplementation.Deserialize:	start deserialize in customer
		25/05/2025 16:01:02	Dal.CustomerImplementation.Deserialize:	end deserialize in customer
	25/05/2025 16:01:02	Dal.CustomerImplementation.ReadAll:	end readAll in customer
	25/05/2025 16:01:03	Dal.CustomerImplementation.ReadAll:	start readAll in customer
		25/05/2025 16:01:03	Dal.CustomerImplementation.Deserialize:	start deserialize in customer
		25/05/2025 16:01:03	Dal.CustomerImplementation.Deserialize:	end deserialize in customer
	25/05/2025 16:01:03	Dal.CustomerImplementation.ReadAll:	end readAll in customer
	25/05/2025 16:01:04	Dal.CustomerImplementation.ReadAll:	start readAll in customer
		25/05/2025 16:01:04	Dal.CustomerImplementation.Deserialize:	start deserialize in customer
		25/05/2025 16:01:04	Dal.CustomerImplementation.Deserialize:	end deserialize in customer
	25/05/2025 16:01:04	Dal.CustomerImplementation.ReadAll:	end readAll in customer
	25/05/2025 16:01:05	Dal.CustomerImplementation.ReadAll:	start readAll in customer
		25/05/2025 16:01:05	Dal.CustomerImplementation.Deserialize:	start deserialize in customer
		25/05/2025 16:01:05	Dal.CustomerImplementation.Deserialize:	end deserialize in customer
	25/05/2025 16:01:05	Dal.CustomerImplementation.ReadAll:	end readAll in customer
	25/05/2025 16:01:07	Dal.CustomerImplementation.ReadAll:	start readAll in customer
		25/05/2025 16:01:07	Dal.CustomerImplementation.Deserialize:	start deserialize in customer
		25/05/2025 16:01:07	Dal.CustomerImplementation.Deserialize:	end deserialize in customer
	25/05/2025 16:01:07	Dal.CustomerImplementation.ReadAll:	end readAll in customer
	25/05/2025 16:01:08	Dal.CustomerImplementation.ReadAll:	start readAll in customer
		25/05/2025 16:01:08	Dal.CustomerImplementation.Deserialize:	start deserialize in customer
		25/05/2025 16:01:08	Dal.CustomerImplementation.Deserialize:	end deserialize in customer
	25/05/2025 16:01:08	Dal.CustomerImplementation.ReadAll:	end readAll in customer
	25/05/2025 16:01:19	Dal.ProductImplementation.ReadAll:	start readAll in product
		25/05/2025 16:01:19	Dal.ProductImplementation.Deserialize:	start deserialize in product
		25/05/2025 16:01:19	Dal.ProductImplementation.Deserialize:	end deserialize in product
	25/05/2025 16:01:19	Dal.ProductImplementation.ReadAll:	end readAll in product
	25/05/2025 16:01:19	Dal.SaleImplementation.ReadAll:	start readAll in sale
	25/05/2025 16:01:19	Dal.SaleImplementation.ReadAll:	end readAll in sale
	25/05/2025 16:01:19	Dal.SaleImplementation.ReadAll:	start readAll in sale
	25/05/2025 16:01:19	Dal.SaleImplementation.ReadAll:	end readAll in sale
	25/05/2025 16:01:19	Dal.SaleImplementation.ReadAll:	start readAll in sale
	25/05/2025 16:01:19	Dal.SaleImplementation.ReadAll:	end readAll in sale
	25/05/2025 16:01:19	Dal.SaleImplementation.ReadAll:	start readAll in sale
	25/05/2025 16:01:19	Dal.SaleImplementation.ReadAll:	end readAll in sale
	25/05/2025 16:01:19	Dal.SaleImplementation.ReadAll:	start readAll in sale
	25/05/2025 16:01:19	Dal.SaleImplementation.ReadAll:	end readAll in sale
	25/05/2025 16:01:19	Dal.SaleImplementation.ReadAll:	start readAll in sale
	25/05/2025 16:01:19	Dal.SaleImplementation.ReadAll:	end readAll in sale
	25/05/2025 16:01:19	Dal.SaleImplementation.ReadAll:	start readAll in sale
	25/05/2025 16:01:19	Dal.SaleImplementation.ReadAll:	end readAll in sale
	25/05/2025 16:01:19	Dal.SaleImplementation.ReadAll:	start readAll in sale
	25/05/2025 16:01:19	Dal.SaleImplementation.ReadAll:	end readAll in sale
	25/05/2025 16:01:19	Dal.SaleImplementation.ReadAll:	start readAll in sale
	25/05/2025 16:01:19	Dal.SaleImplementation.ReadAll:	end readAll in sale
	25/05/2025 16:01:19	Dal.SaleImplementation.ReadAll:	start readAll in sale
	25/05/2025 16:01:19	Dal.SaleImplementation.ReadAll:	end readAll in sale
	25/05/2025 16:01:24	Dal.SaleImplementation.ReadAll:	start readAll in sale
	25/05/2025 16:01:24	Dal.SaleImplementation.ReadAll:	end readAll in sale
	25/05/2025 16:01:40	Dal.CustomerImplementation.Read:	start read in customer
		25/05/2025 16:01:40	Dal.CustomerImplementation.Deserialize:	start deserialize in customer
		25/05/2025 16:01:40	Dal.CustomerImplementation.Deserialize:	end deserialize in customer
	25/05/2025 16:01:40	Dal.CustomerImplementation.Read:	end read in customer
	25/05/2025 16:01:40	Dal.ProductImplementation.ReadAll:	start readAll in product
		25/05/2025 16:01:40	Dal.ProductImplementation.Deserialize:	start deserialize in product
		25/05/2025 16:01:40	Dal.ProductImplementation.Deserialize:	end deserialize in product
	25/05/2025 16:01:40	Dal.ProductImplementation.ReadAll:	end readAll in product
	25/05/2025 16:01:40	Dal.SaleImplementation.ReadAll:	start readAll in sale
	25/05/2025 16:01:40	Dal.SaleImplementation.ReadAll:	end readAll in sale
	25/05/2025 16:01:40	Dal.SaleImplementation.ReadAll:	start readAll in sale
	25/05/2025 16:01:40	Dal.SaleImplementation.ReadAll:	end readAll in sale
	25/05/2025 16:01:40	Dal.SaleImplementation.ReadAll:	start readAll in sale
	25/05/2025 16:01:40	Dal.SaleImplementation.ReadAll:	end readAll in sale
	25/05/2025 16:01:40	Dal.SaleImplementation.ReadAll:	start readAll in sale
	25/05/2025 16:01:40	Dal.SaleImplementation.ReadAll:	end readAll in sale
	25/05/2025 16:01:40	Dal.SaleImplementation.ReadAll:	start readAll in sale
	25/05/2025 16:01:40	Dal.SaleImplementation.ReadAll:	end readAll in sale
	25/05/2025 16:01:40	Dal.SaleImplementation.ReadAll:	start readAll in sale
	25/05/2025 16:01:40	Dal.SaleImplementation.ReadAll:	end readAll in sale
	25/05/2025 16:01:40	Dal.SaleImplementation.ReadAll:	start readAll in sale
	25/05/2025 16:01:40	Dal.SaleImplementation.ReadAll:	end readAll in sale
	25/05/2025 16:01:40	Dal.SaleImplementation.ReadAll:	start readAll in sale
	25/05/2025 16:01:40	Dal.SaleImplementation.ReadAll:	end readAll in sale
	25/05/2025 16:01:40	Dal.SaleImplementation.ReadAll:	start readAll in sale
	25/05/2025 16:01:40	Dal.SaleImplementation.ReadAll:	end readAll in sale
	25/05/2025 16:01:40	Dal.SaleImplementation.ReadAll:	start readAll in sale
	25/05/2025 16:01:40	Dal.SaleImplementation.ReadAll:	end readAll in sale
	25/05/2025 16:01:40	Dal.CustomerImplementation.Read:	start read in customer
		25/05/2025 16:01:40	Dal.CustomerImplementation.Deserialize:	start deserialize in customer
		25/05/2025 16:01:40	Dal.CustomerImplementation.Deserialize:	end deserialize in customer
	25/05/2025 16:01:40	Dal.CustomerImplementation.Read:	end read in customer
	25/05/2025 16:01:40	Dal.ProductImplementation.ReadAll:	start readAll in product
		25/05/2025 16:01:40	Dal.ProductImplementation.Deserialize:	start deserialize in product
		25/05/2025 16:01:40	Dal.ProductImplementation.Deserialize:	end deserialize in product
	25/05/2025 16:01:40	Dal.ProductImplementation.ReadAll:	end readAll in product
	25/05/2025 16:01:40	Dal.SaleImplementation.ReadAll:	start readAll in sale
	25/05/2025 16:01:40	Dal.SaleImplementation.ReadAll:	end readAll in sale
	25/05/2025 16:01:40	Dal.SaleImplementation.ReadAll:	start readAll in sale
	25/05/2025 16:01:40	Dal.SaleImplementation.ReadAll:	end readAll in sale
	25/05/2025 16:01:40	Dal.SaleImplementation.ReadAll:	start readAll in sale
	25/05/2025 16:01:40	Dal.SaleImplementation.ReadAll:	end readAll in sale
	25/05/2025 16:01:40	Dal.SaleImplementation.ReadAll:	start readAll in sale
	25/05/2025 16:01:40	Dal.SaleImplementation.ReadAll:	end readAll in sale
	25/05/2025 16:01:40	Dal.SaleImplementation.ReadAll:	start readAll in sale
	25/05/2025 16:01:40	Dal.SaleImplementation.ReadAll:	end readAll in sale
	25/05/2025 16:01:40	Dal.SaleImplementation.ReadAll:	start readAll in sale
	25/05/2025 16:01:40	Dal.SaleImplementation.ReadAll:	end readAll in sale
	25/05/2025 16:01:40	Dal.SaleImplementation.ReadAll:	start readAll in sale
	25/05/2025 16:01:40	Dal.SaleImplementation.ReadAll:	end readAll in sale
	25/05/2025 16:01:40	Dal.SaleImplementation.ReadAll:	start readAll in sale
	25/05/2025 16:01:40	Dal.SaleImplementation.ReadAll:	end readAll in sale
	25/05/2025 16:01:40	Dal.SaleImplementation.ReadAll:	start readAll in sale
	25/05/2025 16:01:40	Dal.SaleImplementation.ReadAll:	end readAll in sale
	25/05/2025 16:01:40	Dal.SaleImplementation.ReadAll:	start readAll in sale
	25/05/2025 16:01:40	Dal.SaleImplementation.ReadAll:	end readAll in sale
	25/05/2025 16:01:40	Dal.CustomerImplementation.Read:	start read in customer
		25/05/2025 16:01:40	Dal.CustomerImplementation.Deserialize:	start deserialize in customer
		25/05/2025 16:01:40	Dal.CustomerImplementation.Deserialize:	end deserialize in customer
	25/05/2025 16:01:40	Dal.CustomerImplementation.Read:	end read in customer
	25/05/2025 16:01:40	Dal.ProductImplementation.ReadAll:	start readAll in product
		25/05/2025 16:01:40	Dal.ProductImplementation.Deserialize:	start deserialize in product
		25/05/2025 16:01:40	Dal.ProductImplementation.Deserialize:	end deserialize in product
	25/05/2025 16:01:40	Dal.ProductImplementation.ReadAll:	end readAll in product
	25/05/2025 16:01:40	Dal.SaleImplementation.ReadAll:	start readAll in sale
	25/05/2025 16:01:40	Dal.SaleImplementation.ReadAll:	end readAll in sale
	25/05/2025 16:01:40	Dal.SaleImplementation.ReadAll:	start readAll in sale
	25/05/2025 16:01:40	Dal.SaleImplementation.ReadAll:	end readAll in sale
	25/05/2025 16:01:40	Dal.SaleImplementation.ReadAll:	start readAll in sale
	25/05/2025 16:01:40	Dal.SaleImplementation.ReadAll:	end readAll in sale
	25/05/2025 16:01:40	Dal.SaleImplementation.ReadAll:	start readAll in sale
	25/05/2025 16:01:40	Dal.SaleImplementation.ReadAll:	end readAll in sale
	25/05/2025 16:01:40	Dal.SaleImplementation.ReadAll:	start readAll in sale
	25/05/2025 16:01:40	Dal.SaleImplementation.ReadAll:	end readAll in sale
	25/05/2025 16:01:40	Dal.SaleImplementation.ReadAll:	start readAll in sale
	25/05/2025 16:01:40	Dal.SaleImplementation.ReadAll:	end readAll in sale
	25/05/2025 16:01:40	Dal.SaleImplementation.ReadAll:	start readAll in sale
	25/05/2025 16:01:40	Dal.SaleImplementation.ReadAll:	end readAll in sale
	25/05/2025 16:01:40	Dal.SaleImplementation.ReadAll:	start readAll in sale
	25/05/2025 16:01:40	Dal.SaleImplementation.ReadAll:	end readAll in sale
	25/05/2025 16:01:40	Dal.SaleImplementation.ReadAll:	start readAll in sale
	25/05/2025 16:01:40	Dal.SaleImplementation.ReadAll:	end readAll in sale
	25/05/2025 16:01:41	Dal.SaleImplementation.ReadAll:	start readAll in sale
	25/05/2025 16:01:41	Dal.SaleImplementation.ReadAll:	end readAll in sale
	25/05/2025 16:01:41	Dal.CustomerImplementation.Read:	start read in customer
		25/05/2025 16:01:41	Dal.CustomerImplementation.Deserialize:	start deserialize in customer
		25/05/2025 16:01:41	Dal.CustomerImplementation.Deserialize:	end deserialize in customer
	25/05/2025 16:01:41	Dal.CustomerImplementation.Read:	end read in customer
	25/05/2025 16:01:41	Dal.ProductImplementation.ReadAll:	start readAll in product
		25/05/2025 16:01:41	Dal.ProductImplementation.Deserialize:	start deserialize in product
		25/05/2025 16:01:41	Dal.ProductImplementation.Deserialize:	end deserialize in product
	25/05/2025 16:01:41	Dal.ProductImplementation.ReadAll:	end readAll in product
	25/05/2025 16:01:41	Dal.SaleImplementation.ReadAll:	start readAll in sale
	25/05/2025 16:01:41	Dal.SaleImplementation.ReadAll:	end readAll in sale
	25/05/2025 16:01:41	Dal.SaleImplementation.ReadAll:	start readAll in sale
	25/05/2025 16:01:41	Dal.SaleImplementation.ReadAll:	end readAll in sale
	25/05/2025 16:01:41	Dal.SaleImplementation.ReadAll:	start readAll in sale
	25/05/2025 16:01:41	Dal.SaleImplementation.ReadAll:	end readAll in sale
	25/05/2025 16:01:41	Dal.SaleImplementation.ReadAll:	start readAll in sale
	25/05/2025 16:01:41	Dal.SaleImplementation.ReadAll:	end readAll in sale
	25/05/2025 16:01:41	Dal.SaleImplementation.ReadAll:	start readAll in sale
	25/05/2025 16:01:41	Dal.SaleImplementation.ReadAll:	end readAll in sale
	25/05/2025 16:01:41	Dal.SaleImplementation.ReadAll:	start readAll in sale
	25/05/2025 16:01:41	Dal.SaleImplementation.ReadAll:	end readAll in sale
	25/05/2025 16:01:41	Dal.SaleImplementation.ReadAll:	start readAll in sale
	25/05/2025 16:01:41	Dal.SaleImplementation.ReadAll:	end readAll in sale
	25/05/2025 16:01:41	Dal.SaleImplementation.ReadAll:	start readAll in sale
	25/05/2025 16:01:41	Dal.SaleImplementation.ReadAll:	end readAll in sale
	25/05/2025 16:01:41	Dal.SaleImplementation.ReadAll:	start readAll in sale
	25/05/2025 16:01:41	Dal.SaleImplementation.ReadAll:	end readAll in sale
	25/05/2025 16:01:41	Dal.SaleImplementation.ReadAll:	start readAll in sale
	25/05/2025 16:01:41	Dal.SaleImplementation.ReadAll:	end readAll in sale
	25/05/2025 16:01:53	Dal.ProductImplementation.Read:	start read in product
		25/05/2025 16:01:53	Dal.ProductImplementation.Deserialize:	start deserialize in product
		25/05/2025 16:01:53	Dal.ProductImplementation.Deserialize:	end deserialize in product
	25/05/2025 16:01:53	Dal.ProductImplementation.Read:	end read in product
	25/05/2025 16:01:53	Dal.SaleImplementation.ReadAll:	start readAll in sale
	25/05/2025 16:01:53	Dal.SaleImplementation.ReadAll:	end readAll in sale
	25/05/2025 16:02:05	Dal.ProductImplementation.Read:	start read in product
		25/05/2025 16:02:05	Dal.ProductImplementation.Deserialize:	start deserialize in product
		25/05/2025 16:02:05	Dal.ProductImplementation.Deserialize:	end deserialize in product
	25/05/2025 16:02:05	Dal.ProductImplementation.Read:	end read in product
	25/05/2025 16:02:05	Dal.SaleImplementation.ReadAll:	start readAll in sale
	25/05/2025 16:02:05	Dal.SaleImplementation.ReadAll:	end readAll in sale
	25/05/2025 16:02:10	Dal.ProductImplementation.Read:	start read in product
		25/05/2025 16:02:10	Dal.ProductImplementation.Deserialize:	start deserialize in product
		25/05/2025 16:02:10	Dal.ProductImplementation.Deserialize:	end deserialize in product
	25/05/2025 16:02:10	Dal.ProductImplementation.Read:	end read in product
	25/05/2025 16:02:10	Dal.ProductImplementation.Update:	start update in product Product { Id = 2, NameProduct = Elegant Bracelet, Category = Bracelets, Price = 120, Amount = 14 }
		25/05/2025 16:02:10	Dal.ProductImplementation.Delete:	start delete in product 2
			25/05/2025 16:02:10	Dal.ProductImplementation.Deserialize:	start deserialize in product
			25/05/2025 16:02:10	Dal.ProductImplementation.Deserialize:	end deserialize in product
			25/05/2025 16:02:10	Dal.ProductImplementation.Serialize:	start serialize in product
			25/05/2025 16:02:10	Dal.ProductImplementation.Serialize:	end serialize in product
		25/05/2025 16:02:10	Dal.ProductImplementation.Delete:	end delete in product 2
		25/05/2025 16:02:10	Dal.ProductImplementation.Deserialize:	start deserialize in product
		25/05/2025 16:02:10	Dal.ProductImplementation.Deserialize:	end deserialize in product
		25/05/2025 16:02:10	Dal.ProductImplementation.Serialize:	start serialize in product
		25/05/2025 16:02:10	Dal.ProductImplementation.Serialize:	end serialize in product
	25/05/2025 16:02:10	Dal.ProductImplementation.Update:	end update in product Product { Id = 2, NameProduct = Elegant Bracelet, Category = Bracelets, Price = 120, Amount = 14 }
	25/05/2025 16:02:10	Dal.ProductImplementation.Read:	start read in product
		25/05/2025 16:02:10	Dal.ProductImplementation.Deserialize:	start deserialize in product
		25/05/2025 16:02:10	Dal.ProductImplementation.Deserialize:	end deserialize in product
	25/05/2025 16:02:10	Dal.ProductImplementation.Read:	end read in product
	25/05/2025 16:02:10	Dal.ProductImplementation.Update:	start update in product Product { Id = 7, NameProduct = Rose Gold Bracelet, Category = Bracelets, Price = 300, Amount = 19 }
		25/05/2025 16:02:10	Dal.ProductImplementation.Delete:	start delete in product 7
			25/05/2025 16:02:10	Dal.ProductImplementation.Deserialize:	start deserialize in product
			25/05/2025 16:02:10	Dal.ProductImplementation.Deserialize:	end deserialize in product
			25/05/2025 16:02:10	Dal.ProductImplementation.Serialize:	start serialize in product
			25/05/2025 16:02:10	Dal.ProductImplementation.Serialize:	end serialize in product
		25/05/2025 16:02:10	Dal.ProductImplementation.Delete:	end delete in product 7
		25/05/2025 16:02:10	Dal.ProductImplementation.Deserialize:	start deserialize in product
		25/05/2025 16:02:10	Dal.ProductImplementation.Deserialize:	end deserialize in product
		25/05/2025 16:02:10	Dal.ProductImplementation.Serialize:	start serialize in product
		25/05/2025 16:02:10	Dal.ProductImplementation.Serialize:	end serialize in product
	25/05/2025 16:02:10	Dal.ProductImplementation.Update:	end update in product Product { Id = 7, NameProduct = Rose Gold Bracelet, Category = Bracelets, Price = 300, Amount = 19 }
	25/05/2025 16:02:10	Dal.ProductImplementation.ReadAll:	start readAll in product
		25/05/2025 16:02:10	Dal.ProductImplementation.Deserialize:	start deserialize in product
		25/05/2025 16:02:10	Dal.ProductImplementation.Deserialize:	end deserialize in product
	25/05/2025 16:02:10	Dal.ProductImplementation.ReadAll:	end readAll in product
	25/05/2025 16:02:10	Dal.SaleImplementation.ReadAll:	start readAll in sale
	25/05/2025 16:02:10	Dal.SaleImplementation.ReadAll:	end readAll in sale
	25/05/2025 16:02:10	Dal.SaleImplementation.ReadAll:	start readAll in sale
	25/05/2025 16:02:10	Dal.SaleImplementation.ReadAll:	end readAll in sale
	25/05/2025 16:02:10	Dal.SaleImplementation.ReadAll:	start readAll in sale
	25/05/2025 16:02:10	Dal.SaleImplementation.ReadAll:	end readAll in sale
	25/05/2025 16:02:10	Dal.SaleImplementation.ReadAll:	start readAll in sale
	25/05/2025 16:02:10	Dal.SaleImplementation.ReadAll:	end readAll in sale
	25/05/2025 16:02:10	Dal.SaleImplementation.ReadAll:	start readAll in sale
	25/05/2025 16:02:10	Dal.SaleImplementation.ReadAll:	end readAll in sale
	25/05/2025 16:02:10	Dal.SaleImplementation.ReadAll:	start readAll in sale
	25/05/2025 16:02:10	Dal.SaleImplementation.ReadAll:	end readAll in sale
	25/05/2025 16:02:10	Dal.SaleImplementation.ReadAll:	start readAll in sale
	25/05/2025 16:02:10	Dal.SaleImplementation.ReadAll:	end readAll in sale
	25/05/2025 16:02:10	Dal.SaleImplementation.ReadAll:	start readAll in sale
	25/05/2025 16:02:10	Dal.SaleImplementation.ReadAll:	end readAll in sale
	25/05/2025 16:02:10	Dal.SaleImplementation.ReadAll:	start readAll in sale
	25/05/2025 16:02:10	Dal.SaleImplementation.ReadAll:	end readAll in sale
	25/05/2025 16:02:10	Dal.SaleImplementation.ReadAll:	start readAll in sale
	25/05/2025 16:02:10	Dal.SaleImplementation.ReadAll:	end readAll in sale
	25/05/2025 16:41:51	Dal.CustomerImplementation.Read:	start read in customer
		25/05/2025 16:41:51	Dal.CustomerImplementation.Deserialize:	start deserialize in customer
		25/05/2025 16:41:51	Dal.CustomerImplementation.Deserialize:	end deserialize in customer
	25/05/2025 16:41:51	Dal.CustomerImplementation.Read:	end read in customer
	25/05/2025 16:41:51	Dal.ProductImplementation.ReadAll:	start readAll in product
		25/05/2025 16:41:51	Dal.ProductImplementation.Deserialize:	start deserialize in product
		25/05/2025 16:41:51	Dal.ProductImplementation.Deserialize:	end deserialize in product
	25/05/2025 16:41:51	Dal.ProductImplementation.ReadAll:	end readAll in product
	25/05/2025 16:41:51	Dal.SaleImplementation.ReadAll:	start readAll in sale
	25/05/2025 16:41:51	Dal.SaleImplementation.ReadAll:	end readAll in sale
	25/05/2025 16:41:51	Dal.SaleImplementation.ReadAll:	start readAll in sale
	25/05/2025 16:41:51	Dal.SaleImplementation.ReadAll:	end readAll in sale
	25/05/2025 16:41:51	Dal.SaleImplementation.ReadAll:	start readAll in sale
	25/05/2025 16:41:51	Dal.SaleImplementation.ReadAll:	end readAll in sale
	25/05/2025 16:41:51	Dal.SaleImplementation.ReadAll:	start readAll in sale
	25/05/2025 16:41:51	Dal.SaleImplementation.ReadAll:	end readAll in sale
	25/05/2025 16:41:51	Dal.SaleImplementation.ReadAll:	start readAll in sale
	25/05/2025 16:41:51	Dal.SaleImplementation.ReadAll:	end readAll in sale
	25/05/2025 16:41:51	Dal.SaleImplementation.ReadAll:	start readAll in sale
	25/05/2025 16:41:51	Dal.SaleImplementation.ReadAll:	end readAll in sale
	25/05/2025 16:41:51	Dal.SaleImplementation.ReadAll:	start readAll in sale
	25/05/2025 16:41:51	Dal.SaleImplementation.ReadAll:	end readAll in sale
	25/05/2025 16:41:51	Dal.SaleImplementation.ReadAll:	start readAll in sale
	25/05/2025 16:41:51	Dal.SaleImplementation.ReadAll:	end readAll in sale
	25/05/2025 16:41:51	Dal.SaleImplementation.ReadAll:	start readAll in sale
	25/05/2025 16:41:51	Dal.SaleImplementation.ReadAll:	end readAll in sale
	25/05/2025 16:41:51	Dal.SaleImplementation.ReadAll:	start readAll in sale
	25/05/2025 16:41:51	Dal.SaleImplementation.ReadAll:	end readAll in sale
	25/05/2025 16:41:51	Dal.CustomerImplementation.Read:	start read in customer
		25/05/2025 16:41:51	Dal.CustomerImplementation.Deserialize:	start deserialize in customer
		25/05/2025 16:41:51	Dal.CustomerImplementation.Deserialize:	end deserialize in customer
	25/05/2025 16:41:51	Dal.CustomerImplementation.Read:	end read in customer
	25/05/2025 16:41:51	Dal.ProductImplementation.ReadAll:	start readAll in product
		25/05/2025 16:41:51	Dal.ProductImplementation.Deserialize:	start deserialize in product
		25/05/2025 16:41:51	Dal.ProductImplementation.Deserialize:	end deserialize in product
	25/05/2025 16:41:51	Dal.ProductImplementation.ReadAll:	end readAll in product
	25/05/2025 16:41:51	Dal.SaleImplementation.ReadAll:	start readAll in sale
	25/05/2025 16:41:51	Dal.SaleImplementation.ReadAll:	end readAll in sale
	25/05/2025 16:41:51	Dal.SaleImplementation.ReadAll:	start readAll in sale
	25/05/2025 16:41:51	Dal.SaleImplementation.ReadAll:	end readAll in sale
	25/05/2025 16:41:51	Dal.SaleImplementation.ReadAll:	start readAll in sale
	25/05/2025 16:41:51	Dal.SaleImplementation.ReadAll:	end readAll in sale
	25/05/2025 16:41:51	Dal.SaleImplementation.ReadAll:	start readAll in sale
	25/05/2025 16:41:51	Dal.SaleImplementation.ReadAll:	end readAll in sale
	25/05/2025 16:41:51	Dal.SaleImplementation.ReadAll:	start readAll in sale
	25/05/2025 16:41:51	Dal.SaleImplementation.ReadAll:	end readAll in sale
	25/05/2025 16:41:51	Dal.SaleImplementation.ReadAll:	start readAll in sale
	25/05/2025 16:41:51	Dal.SaleImplementation.ReadAll:	end readAll in sale
	25/05/2025 16:41:51	Dal.SaleImplementation.ReadAll:	start readAll in sale
	25/05/2025 16:41:51	Dal.SaleImplementation.ReadAll:	end readAll in sale
	25/05/2025 16:41:51	Dal.SaleImplementation.ReadAll:	start readAll in sale
	25/05/2025 16:41:51	Dal.SaleImplementation.ReadAll:	end readAll in sale
	25/05/2025 16:41:51	Dal.SaleImplementation.ReadAll:	start readAll in sale
	25/05/2025 16:41:51	Dal.SaleImplementation.ReadAll:	end readAll in sale
	25/05/2025 16:41:51	Dal.SaleImplementation.ReadAll:	start readAll in sale
	25/05/2025 16:41:51	Dal.SaleImplementation.ReadAll:	end readAll in sale
	25/05/2025 16:41:51	Dal.CustomerImplementation.Read:	start read in customer
		25/05/2025 16:41:51	Dal.CustomerImplementation.Deserialize:	start deserialize in customer
		25/05/2025 16:41:51	Dal.CustomerImplementation.Deserialize:	end deserialize in customer
	25/05/2025 16:41:51	Dal.CustomerImplementation.Read:	end read in customer
	25/05/2025 16:41:51	Dal.ProductImplementation.ReadAll:	start readAll in product
		25/05/2025 16:41:51	Dal.ProductImplementation.Deserialize:	start deserialize in product
		25/05/2025 16:41:51	Dal.ProductImplementation.Deserialize:	end deserialize in product
	25/05/2025 16:41:51	Dal.ProductImplementation.ReadAll:	end readAll in product
	25/05/2025 16:41:51	Dal.SaleImplementation.ReadAll:	start readAll in sale
	25/05/2025 16:41:51	Dal.SaleImplementation.ReadAll:	end readAll in sale
	25/05/2025 16:41:51	Dal.SaleImplementation.ReadAll:	start readAll in sale
	25/05/2025 16:41:51	Dal.SaleImplementation.ReadAll:	end readAll in sale
	25/05/2025 16:41:51	Dal.SaleImplementation.ReadAll:	start readAll in sale
	25/05/2025 16:41:51	Dal.SaleImplementation.ReadAll:	end readAll in sale
	25/05/2025 16:41:51	Dal.SaleImplementation.ReadAll:	start readAll in sale
	25/05/2025 16:41:51	Dal.SaleImplementation.ReadAll:	end readAll in sale
	25/05/2025 16:41:51	Dal.SaleImplementation.ReadAll:	start readAll in sale
	25/05/2025 16:41:51	Dal.SaleImplementation.ReadAll:	end readAll in sale
	25/05/2025 16:41:51	Dal.SaleImplementation.ReadAll:	start readAll in sale
	25/05/2025 16:41:51	Dal.SaleImplementation.ReadAll:	end readAll in sale
	25/05/2025 16:41:51	Dal.SaleImplementation.ReadAll:	start readAll in sale
	25/05/2025 16:41:51	Dal.SaleImplementation.ReadAll:	end readAll in sale
	25/05/2025 16:41:51	Dal.SaleImplementation.ReadAll:	start readAll in sale
	25/05/2025 16:41:51	Dal.SaleImplementation.ReadAll:	end readAll in sale
	25/05/2025 16:41:51	Dal.SaleImplementation.ReadAll:	start readAll in sale
	25/05/2025 16:41:51	Dal.SaleImplementation.ReadAll:	end readAll in sale
	25/05/2025 16:41:51	Dal.SaleImplementation.ReadAll:	start readAll in sale
	25/05/2025 16:41:51	Dal.SaleImplementation.ReadAll:	end readAll in sale
	25/05/2025 16:41:52	Dal.CustomerImplementation.Read:	start read in customer
		25/05/2025 16:41:52	Dal.CustomerImplementation.Deserialize:	start deserialize in customer
		25/05/2025 16:41:52	Dal.CustomerImplementation.Deserialize:	end deserialize in customer
	25/05/2025 16:41:52	Dal.CustomerImplementation.Read:	end read in customer
	25/05/2025 16:41:52	Dal.ProductImplementation.ReadAll:	start readAll in product
		25/05/2025 16:41:52	Dal.ProductImplementation.Deserialize:	start deserialize in product
		25/05/2025 16:41:52	Dal.ProductImplementation.Deserialize:	end deserialize in product
	25/05/2025 16:41:52	Dal.ProductImplementation.ReadAll:	end readAll in product
	25/05/2025 16:41:52	Dal.SaleImplementation.ReadAll:	start readAll in sale
	25/05/2025 16:41:52	Dal.SaleImplementation.ReadAll:	end readAll in sale
	25/05/2025 16:41:52	Dal.SaleImplementation.ReadAll:	start readAll in sale
	25/05/2025 16:41:52	Dal.SaleImplementation.ReadAll:	end readAll in sale
	25/05/2025 16:41:52	Dal.SaleImplementation.ReadAll:	start readAll in sale
	25/05/2025 16:41:52	Dal.SaleImplementation.ReadAll:	end readAll in sale
	25/05/2025 16:41:52	Dal.SaleImplementation.ReadAll:	start readAll in sale
	25/05/2025 16:41:52	Dal.SaleImplementation.ReadAll:	end readAll in sale
	25/05/2025 16:41:52	Dal.SaleImplementation.ReadAll:	start readAll in sale
	25/05/2025 16:41:52	Dal.SaleImplementation.ReadAll:	end readAll in sale
	25/05/2025 16:41:52	Dal.SaleImplementation.ReadAll:	start readAll in sale
	25/05/2025 16:41:52	Dal.SaleImplementation.ReadAll:	end readAll in sale
	25/05/2025 16:41:52	Dal.SaleImplementation.ReadAll:	start readAll in sale
	25/05/2025 16:41:52	Dal.SaleImplementation.ReadAll:	end readAll in sale
	25/05/2025 16:41:52	Dal.SaleImplementation.ReadAll:	start readAll in sale
	25/05/2025 16:41:52	Dal.SaleImplementation.ReadAll:	end readAll in sale
	25/05/2025 16:41:52	Dal.SaleImplementation.ReadAll:	start readAll in sale
	25/05/2025 16:41:52	Dal.SaleImplementation.ReadAll:	end readAll in sale
	25/05/2025 16:41:52	Dal.SaleImplementation.ReadAll:	start readAll in sale
	25/05/2025 16:41:52	Dal.SaleImplementation.ReadAll:	end readAll in sale
