	27/05/2025 11:48:05	Dal.CustomerImplementation.Read:	start read in customer
		27/05/2025 11:48:05	Dal.CustomerImplementation.Deserialize:	start deserialize in customer
		27/05/2025 11:48:06	Dal.CustomerImplementation.Deserialize:	end deserialize in customer
	27/05/2025 11:48:06	Dal.CustomerImplementation.Read:	end read in customer
	27/05/2025 11:48:06	Dal.ProductImplementation.ReadAll:	start readAll in product
		27/05/2025 11:48:06	Dal.ProductImplementation.Deserialize:	start deserialize in product
		27/05/2025 11:48:06	Dal.ProductImplementation.Deserialize:	end deserialize in product
	27/05/2025 11:48:06	Dal.ProductImplementation.ReadAll:	end readAll in product
	27/05/2025 11:48:06	Dal.SaleImplementation.ReadAll:	start readAll in sale
	27/05/2025 11:48:06	Dal.SaleImplementation.ReadAll:	end readAll in sale
	27/05/2025 11:48:06	Dal.SaleImplementation.ReadAll:	start readAll in sale
	27/05/2025 11:48:06	Dal.SaleImplementation.ReadAll:	end readAll in sale
	27/05/2025 11:48:06	Dal.SaleImplementation.ReadAll:	start readAll in sale
	27/05/2025 11:48:06	Dal.SaleImplementation.ReadAll:	end readAll in sale
	27/05/2025 11:48:06	Dal.SaleImplementation.ReadAll:	start readAll in sale
	27/05/2025 11:48:06	Dal.SaleImplementation.ReadAll:	end readAll in sale
	27/05/2025 11:48:06	Dal.SaleImplementation.ReadAll:	start readAll in sale
	27/05/2025 11:48:06	Dal.SaleImplementation.ReadAll:	end readAll in sale
	27/05/2025 11:48:06	Dal.SaleImplementation.ReadAll:	start readAll in sale
	27/05/2025 11:48:06	Dal.SaleImplementation.ReadAll:	end readAll in sale
	27/05/2025 11:48:06	Dal.SaleImplementation.ReadAll:	start readAll in sale
	27/05/2025 11:48:06	Dal.SaleImplementation.ReadAll:	end readAll in sale
	27/05/2025 11:48:06	Dal.SaleImplementation.ReadAll:	start readAll in sale
	27/05/2025 11:48:06	Dal.SaleImplementation.ReadAll:	end readAll in sale
	27/05/2025 11:48:06	Dal.SaleImplementation.ReadAll:	start readAll in sale
	27/05/2025 11:48:06	Dal.SaleImplementation.ReadAll:	end readAll in sale
	27/05/2025 11:48:06	Dal.SaleImplementation.ReadAll:	start readAll in sale
	27/05/2025 11:48:06	Dal.SaleImplementation.ReadAll:	end readAll in sale
	27/05/2025 11:48:06	Dal.CustomerImplementation.Read:	start read in customer
		27/05/2025 11:48:06	Dal.CustomerImplementation.Deserialize:	start deserialize in customer
		27/05/2025 11:48:06	Dal.CustomerImplementation.Deserialize:	end deserialize in customer
	27/05/2025 11:48:06	Dal.CustomerImplementation.Read:	end read in customer
	27/05/2025 11:48:06	Dal.ProductImplementation.ReadAll:	start readAll in product
		27/05/2025 11:48:06	Dal.ProductImplementation.Deserialize:	start deserialize in product
		27/05/2025 11:48:06	Dal.ProductImplementation.Deserialize:	end deserialize in product
	27/05/2025 11:48:06	Dal.ProductImplementation.ReadAll:	end readAll in product
	27/05/2025 11:48:06	Dal.SaleImplementation.ReadAll:	start readAll in sale
	27/05/2025 11:48:06	Dal.SaleImplementation.ReadAll:	end readAll in sale
	27/05/2025 11:48:06	Dal.SaleImplementation.ReadAll:	start readAll in sale
	27/05/2025 11:48:06	Dal.SaleImplementation.ReadAll:	end readAll in sale
	27/05/2025 11:48:06	Dal.SaleImplementation.ReadAll:	start readAll in sale
	27/05/2025 11:48:06	Dal.SaleImplementation.ReadAll:	end readAll in sale
	27/05/2025 11:48:06	Dal.SaleImplementation.ReadAll:	start readAll in sale
	27/05/2025 11:48:06	Dal.SaleImplementation.ReadAll:	end readAll in sale
	27/05/2025 11:48:06	Dal.SaleImplementation.ReadAll:	start readAll in sale
	27/05/2025 11:48:06	Dal.SaleImplementation.ReadAll:	end readAll in sale
	27/05/2025 11:48:06	Dal.SaleImplementation.ReadAll:	start readAll in sale
	27/05/2025 11:48:06	Dal.SaleImplementation.ReadAll:	end readAll in sale
	27/05/2025 11:48:06	Dal.SaleImplementation.ReadAll:	start readAll in sale
	27/05/2025 11:48:06	Dal.SaleImplementation.ReadAll:	end readAll in sale
	27/05/2025 11:48:06	Dal.SaleImplementation.ReadAll:	start readAll in sale
	27/05/2025 11:48:06	Dal.SaleImplementation.ReadAll:	end readAll in sale
	27/05/2025 11:48:06	Dal.SaleImplementation.ReadAll:	start readAll in sale
	27/05/2025 11:48:06	Dal.SaleImplementation.ReadAll:	end readAll in sale
	27/05/2025 11:48:06	Dal.SaleImplementation.ReadAll:	start readAll in sale
	27/05/2025 11:48:06	Dal.SaleImplementation.ReadAll:	end readAll in sale
	27/05/2025 11:48:06	Dal.CustomerImplementation.Read:	start read in customer
		27/05/2025 11:48:06	Dal.CustomerImplementation.Deserialize:	start deserialize in customer
		27/05/2025 11:48:06	Dal.CustomerImplementation.Deserialize:	end deserialize in customer
	27/05/2025 11:48:06	Dal.CustomerImplementation.Read:	end read in customer
	27/05/2025 11:48:06	Dal.ProductImplementation.ReadAll:	start readAll in product
		27/05/2025 11:48:06	Dal.ProductImplementation.Deserialize:	start deserialize in product
		27/05/2025 11:48:06	Dal.ProductImplementation.Deserialize:	end deserialize in product
	27/05/2025 11:48:06	Dal.ProductImplementation.ReadAll:	end readAll in product
	27/05/2025 11:48:06	Dal.SaleImplementation.ReadAll:	start readAll in sale
	27/05/2025 11:48:06	Dal.SaleImplementation.ReadAll:	end readAll in sale
	27/05/2025 11:48:06	Dal.SaleImplementation.ReadAll:	start readAll in sale
	27/05/2025 11:48:06	Dal.SaleImplementation.ReadAll:	end readAll in sale
	27/05/2025 11:48:06	Dal.SaleImplementation.ReadAll:	start readAll in sale
	27/05/2025 11:48:06	Dal.SaleImplementation.ReadAll:	end readAll in sale
	27/05/2025 11:48:06	Dal.SaleImplementation.ReadAll:	start readAll in sale
	27/05/2025 11:48:06	Dal.SaleImplementation.ReadAll:	end readAll in sale
	27/05/2025 11:48:06	Dal.SaleImplementation.ReadAll:	start readAll in sale
	27/05/2025 11:48:06	Dal.SaleImplementation.ReadAll:	end readAll in sale
	27/05/2025 11:48:06	Dal.SaleImplementation.ReadAll:	start readAll in sale
	27/05/2025 11:48:06	Dal.SaleImplementation.ReadAll:	end readAll in sale
	27/05/2025 11:48:06	Dal.SaleImplementation.ReadAll:	start readAll in sale
	27/05/2025 11:48:06	Dal.SaleImplementation.ReadAll:	end readAll in sale
	27/05/2025 11:48:06	Dal.SaleImplementation.ReadAll:	start readAll in sale
	27/05/2025 11:48:06	Dal.SaleImplementation.ReadAll:	end readAll in sale
	27/05/2025 11:48:06	Dal.SaleImplementation.ReadAll:	start readAll in sale
	27/05/2025 11:48:06	Dal.SaleImplementation.ReadAll:	end readAll in sale
	27/05/2025 11:48:06	Dal.SaleImplementation.ReadAll:	start readAll in sale
	27/05/2025 11:48:06	Dal.SaleImplementation.ReadAll:	end readAll in sale
	27/05/2025 11:48:06	Dal.CustomerImplementation.Read:	start read in customer
		27/05/2025 11:48:06	Dal.CustomerImplementation.Deserialize:	start deserialize in customer
		27/05/2025 11:48:06	Dal.CustomerImplementation.Deserialize:	end deserialize in customer
	27/05/2025 11:48:06	Dal.CustomerImplementation.Read:	end read in customer
	27/05/2025 11:48:06	Dal.ProductImplementation.ReadAll:	start readAll in product
		27/05/2025 11:48:06	Dal.ProductImplementation.Deserialize:	start deserialize in product
		27/05/2025 11:48:06	Dal.ProductImplementation.Deserialize:	end deserialize in product
	27/05/2025 11:48:06	Dal.ProductImplementation.ReadAll:	end readAll in product
	27/05/2025 11:48:06	Dal.SaleImplementation.ReadAll:	start readAll in sale
	27/05/2025 11:48:06	Dal.SaleImplementation.ReadAll:	end readAll in sale
	27/05/2025 11:48:06	Dal.SaleImplementation.ReadAll:	start readAll in sale
	27/05/2025 11:48:06	Dal.SaleImplementation.ReadAll:	end readAll in sale
	27/05/2025 11:48:06	Dal.SaleImplementation.ReadAll:	start readAll in sale
	27/05/2025 11:48:06	Dal.SaleImplementation.ReadAll:	end readAll in sale
	27/05/2025 11:48:06	Dal.SaleImplementation.ReadAll:	start readAll in sale
	27/05/2025 11:48:06	Dal.SaleImplementation.ReadAll:	end readAll in sale
	27/05/2025 11:48:06	Dal.SaleImplementation.ReadAll:	start readAll in sale
	27/05/2025 11:48:06	Dal.SaleImplementation.ReadAll:	end readAll in sale
	27/05/2025 11:48:06	Dal.SaleImplementation.ReadAll:	start readAll in sale
	27/05/2025 11:48:06	Dal.SaleImplementation.ReadAll:	end readAll in sale
	27/05/2025 11:48:06	Dal.SaleImplementation.ReadAll:	start readAll in sale
	27/05/2025 11:48:06	Dal.SaleImplementation.ReadAll:	end readAll in sale
	27/05/2025 11:48:06	Dal.SaleImplementation.ReadAll:	start readAll in sale
	27/05/2025 11:48:06	Dal.SaleImplementation.ReadAll:	end readAll in sale
	27/05/2025 11:48:06	Dal.SaleImplementation.ReadAll:	start readAll in sale
	27/05/2025 11:48:06	Dal.SaleImplementation.ReadAll:	end readAll in sale
	27/05/2025 11:48:06	Dal.SaleImplementation.ReadAll:	start readAll in sale
	27/05/2025 11:48:06	Dal.SaleImplementation.ReadAll:	end readAll in sale
