	04/05/2025 22:54:38	Dal.CustomerImplementation.ReadAll:	start readAll in customer
		04/05/2025 22:54:38	Dal.CustomerImplementation.Deserialize:	start deserialize in customer
		04/05/2025 22:54:39	Dal.CustomerImplementation.Deserialize:	end deserialize in customer
	04/05/2025 22:54:39	Dal.CustomerImplementation.ReadAll:	end readAll in customer
	04/05/2025 22:55:35	Dal.CustomerImplementation.Read:	start read in customer
		04/05/2025 22:55:35	Dal.CustomerImplementation.Deserialize:	start deserialize in customer
		04/05/2025 22:55:35	Dal.CustomerImplementation.Deserialize:	end deserialize in customer
	04/05/2025 22:55:35	Dal.CustomerImplementation.Read:	end read in customer
	04/05/2025 22:55:35	Dal.ProductImplementation.ReadAll:	start readAll in product
		04/05/2025 22:55:35	Dal.ProductImplementation.Deserialize:	start deserialize in product
		04/05/2025 22:55:35	Dal.ProductImplementation.Deserialize:	end deserialize in product
	04/05/2025 22:55:35	Dal.ProductImplementation.ReadAll:	end readAll in product
	04/05/2025 22:55:35	Dal.SaleImplementation.ReadAll:	start readAll in sale
	04/05/2025 22:55:35	Dal.SaleImplementation.ReadAll:	end readAll in sale
	04/05/2025 22:55:35	Dal.SaleImplementation.ReadAll:	start readAll in sale
	04/05/2025 22:55:35	Dal.SaleImplementation.ReadAll:	end readAll in sale
	04/05/2025 22:55:35	Dal.SaleImplementation.ReadAll:	start readAll in sale
	04/05/2025 22:55:35	Dal.SaleImplementation.ReadAll:	end readAll in sale
	04/05/2025 22:55:35	Dal.CustomerImplementation.Read:	start read in customer
		04/05/2025 22:55:35	Dal.CustomerImplementation.Deserialize:	start deserialize in customer
		04/05/2025 22:55:35	Dal.CustomerImplementation.Deserialize:	end deserialize in customer
	04/05/2025 22:55:35	Dal.CustomerImplementation.Read:	end read in customer
	04/05/2025 22:55:35	Dal.ProductImplementation.ReadAll:	start readAll in product
		04/05/2025 22:55:35	Dal.ProductImplementation.Deserialize:	start deserialize in product
		04/05/2025 22:55:35	Dal.ProductImplementation.Deserialize:	end deserialize in product
	04/05/2025 22:55:35	Dal.ProductImplementation.ReadAll:	end readAll in product
	04/05/2025 22:55:35	Dal.SaleImplementation.ReadAll:	start readAll in sale
	04/05/2025 22:55:35	Dal.SaleImplementation.ReadAll:	end readAll in sale
	04/05/2025 22:55:35	Dal.SaleImplementation.ReadAll:	start readAll in sale
	04/05/2025 22:55:35	Dal.SaleImplementation.ReadAll:	end readAll in sale
	04/05/2025 22:55:35	Dal.SaleImplementation.ReadAll:	start readAll in sale
	04/05/2025 22:55:35	Dal.SaleImplementation.ReadAll:	end readAll in sale
	04/05/2025 22:55:35	Dal.CustomerImplementation.Read:	start read in customer
		04/05/2025 22:55:35	Dal.CustomerImplementation.Deserialize:	start deserialize in customer
		04/05/2025 22:55:35	Dal.CustomerImplementation.Deserialize:	end deserialize in customer
	04/05/2025 22:55:35	Dal.CustomerImplementation.Read:	end read in customer
	04/05/2025 22:55:35	Dal.ProductImplementation.ReadAll:	start readAll in product
		04/05/2025 22:55:35	Dal.ProductImplementation.Deserialize:	start deserialize in product
		04/05/2025 22:55:35	Dal.ProductImplementation.Deserialize:	end deserialize in product
	04/05/2025 22:55:35	Dal.ProductImplementation.ReadAll:	end readAll in product
	04/05/2025 22:55:35	Dal.SaleImplementation.ReadAll:	start readAll in sale
	04/05/2025 22:55:35	Dal.SaleImplementation.ReadAll:	end readAll in sale
	04/05/2025 22:55:35	Dal.SaleImplementation.ReadAll:	start readAll in sale
	04/05/2025 22:55:35	Dal.SaleImplementation.ReadAll:	end readAll in sale
	04/05/2025 22:55:35	Dal.SaleImplementation.ReadAll:	start readAll in sale
	04/05/2025 22:55:35	Dal.SaleImplementation.ReadAll:	end readAll in sale
	04/05/2025 22:55:35	Dal.CustomerImplementation.Read:	start read in customer
		04/05/2025 22:55:35	Dal.CustomerImplementation.Deserialize:	start deserialize in customer
		04/05/2025 22:55:35	Dal.CustomerImplementation.Deserialize:	end deserialize in customer
	04/05/2025 22:55:35	Dal.CustomerImplementation.Read:	end read in customer
	04/05/2025 22:55:36	Dal.ProductImplementation.ReadAll:	start readAll in product
		04/05/2025 22:55:36	Dal.ProductImplementation.Deserialize:	start deserialize in product
		04/05/2025 22:55:36	Dal.ProductImplementation.Deserialize:	end deserialize in product
	04/05/2025 22:55:36	Dal.ProductImplementation.ReadAll:	end readAll in product
	04/05/2025 22:55:36	Dal.SaleImplementation.ReadAll:	start readAll in sale
	04/05/2025 22:55:36	Dal.SaleImplementation.ReadAll:	end readAll in sale
	04/05/2025 22:55:36	Dal.SaleImplementation.ReadAll:	start readAll in sale
	04/05/2025 22:55:36	Dal.SaleImplementation.ReadAll:	end readAll in sale
	04/05/2025 22:55:36	Dal.SaleImplementation.ReadAll:	start readAll in sale
	04/05/2025 22:55:36	Dal.SaleImplementation.ReadAll:	end readAll in sale
	04/05/2025 22:55:43	Dal.ProductImplementation.Read:	start read in product
		04/05/2025 22:55:43	Dal.ProductImplementation.Deserialize:	start deserialize in product
		04/05/2025 22:55:43	Dal.ProductImplementation.Deserialize:	end deserialize in product
	04/05/2025 22:55:43	Dal.ProductImplementation.Read:	end read in product
	04/05/2025 22:55:43	Dal.SaleImplementation.ReadAll:	start readAll in sale
	04/05/2025 22:55:43	Dal.SaleImplementation.ReadAll:	end readAll in sale
	04/05/2025 22:56:16	Dal.ProductImplementation.Read:	start read in product
		04/05/2025 22:56:16	Dal.ProductImplementation.Deserialize:	start deserialize in product
		04/05/2025 22:56:16	Dal.ProductImplementation.Deserialize:	end deserialize in product
	04/05/2025 22:56:16	Dal.ProductImplementation.Read:	end read in product
	04/05/2025 22:56:16	Dal.SaleImplementation.ReadAll:	start readAll in sale
	04/05/2025 22:56:16	Dal.SaleImplementation.ReadAll:	end readAll in sale
	04/05/2025 22:56:49	Dal.ProductImplementation.Read:	start read in product
		04/05/2025 22:56:49	Dal.ProductImplementation.Deserialize:	start deserialize in product
		04/05/2025 22:56:49	Dal.ProductImplementation.Deserialize:	end deserialize in product
	04/05/2025 22:56:49	Dal.ProductImplementation.Read:	end read in product
	04/05/2025 22:56:49	Dal.SaleImplementation.ReadAll:	start readAll in sale
	04/05/2025 22:56:49	Dal.SaleImplementation.ReadAll:	end readAll in sale
	04/05/2025 22:57:03	Dal.ProductImplementation.Read:	start read in product
		04/05/2025 22:57:03	Dal.ProductImplementation.Deserialize:	start deserialize in product
		04/05/2025 22:57:03	Dal.ProductImplementation.Deserialize:	end deserialize in product
	04/05/2025 22:57:03	Dal.ProductImplementation.Read:	end read in product
	04/05/2025 22:57:03	Dal.ProductImplementation.Update:	start update in product Product { Id = 16, NameProduct = pandora, Category = Necklaces, Price = 95, Amount = 5 }
		04/05/2025 22:57:03	Dal.ProductImplementation.Delete:	start delete in product 16
			04/05/2025 22:57:03	Dal.ProductImplementation.Deserialize:	start deserialize in product
			04/05/2025 22:57:03	Dal.ProductImplementation.Deserialize:	end deserialize in product
			04/05/2025 22:57:03	Dal.ProductImplementation.Serialize:	start serialize in product
			04/05/2025 22:57:03	Dal.ProductImplementation.Serialize:	end serialize in product
		04/05/2025 22:57:03	Dal.ProductImplementation.Delete:	end delete in product 16
		04/05/2025 22:57:03	Dal.ProductImplementation.Deserialize:	start deserialize in product
		04/05/2025 22:57:03	Dal.ProductImplementation.Deserialize:	end deserialize in product
		04/05/2025 22:57:03	Dal.ProductImplementation.Serialize:	start serialize in product
		04/05/2025 22:57:03	Dal.ProductImplementation.Serialize:	end serialize in product
	04/05/2025 22:57:03	Dal.ProductImplementation.Update:	end update in product Product { Id = 16, NameProduct = pandora, Category = Necklaces, Price = 95, Amount = 5 }
	04/05/2025 22:57:03	Dal.ProductImplementation.ReadAll:	start readAll in product
		04/05/2025 22:57:03	Dal.ProductImplementation.Deserialize:	start deserialize in product
		04/05/2025 22:57:03	Dal.ProductImplementation.Deserialize:	end deserialize in product
	04/05/2025 22:57:03	Dal.ProductImplementation.ReadAll:	end readAll in product
	04/05/2025 22:57:03	Dal.SaleImplementation.ReadAll:	start readAll in sale
	04/05/2025 22:57:03	Dal.SaleImplementation.ReadAll:	end readAll in sale
	04/05/2025 22:57:03	Dal.SaleImplementation.ReadAll:	start readAll in sale
	04/05/2025 22:57:03	Dal.SaleImplementation.ReadAll:	end readAll in sale
	04/05/2025 22:57:03	Dal.SaleImplementation.ReadAll:	start readAll in sale
	04/05/2025 22:57:03	Dal.SaleImplementation.ReadAll:	end readAll in sale
	04/05/2025 22:57:13	Dal.CustomerImplementation.Read:	start read in customer
		04/05/2025 22:57:13	Dal.CustomerImplementation.Deserialize:	start deserialize in customer
		04/05/2025 22:57:13	Dal.CustomerImplementation.Deserialize:	end deserialize in customer
	04/05/2025 22:57:13	Dal.CustomerImplementation.Read:	end read in customer
	04/05/2025 22:57:13	Dal.ProductImplementation.ReadAll:	start readAll in product
		04/05/2025 22:57:13	Dal.ProductImplementation.Deserialize:	start deserialize in product
		04/05/2025 22:57:13	Dal.ProductImplementation.Deserialize:	end deserialize in product
	04/05/2025 22:57:13	Dal.ProductImplementation.ReadAll:	end readAll in product
	04/05/2025 22:57:13	Dal.SaleImplementation.ReadAll:	start readAll in sale
	04/05/2025 22:57:13	Dal.SaleImplementation.ReadAll:	end readAll in sale
	04/05/2025 22:57:13	Dal.SaleImplementation.ReadAll:	start readAll in sale
	04/05/2025 22:57:13	Dal.SaleImplementation.ReadAll:	end readAll in sale
	04/05/2025 22:57:13	Dal.SaleImplementation.ReadAll:	start readAll in sale
	04/05/2025 22:57:13	Dal.SaleImplementation.ReadAll:	end readAll in sale
	04/05/2025 22:57:13	Dal.CustomerImplementation.Read:	start read in customer
		04/05/2025 22:57:13	Dal.CustomerImplementation.Deserialize:	start deserialize in customer
		04/05/2025 22:57:13	Dal.CustomerImplementation.Deserialize:	end deserialize in customer
	04/05/2025 22:57:13	Dal.CustomerImplementation.Read:	end read in customer
	04/05/2025 22:57:13	Dal.ProductImplementation.ReadAll:	start readAll in product
		04/05/2025 22:57:13	Dal.ProductImplementation.Deserialize:	start deserialize in product
		04/05/2025 22:57:13	Dal.ProductImplementation.Deserialize:	end deserialize in product
	04/05/2025 22:57:13	Dal.ProductImplementation.ReadAll:	end readAll in product
	04/05/2025 22:57:13	Dal.SaleImplementation.ReadAll:	start readAll in sale
	04/05/2025 22:57:13	Dal.SaleImplementation.ReadAll:	end readAll in sale
	04/05/2025 22:57:13	Dal.SaleImplementation.ReadAll:	start readAll in sale
	04/05/2025 22:57:13	Dal.SaleImplementation.ReadAll:	end readAll in sale
	04/05/2025 22:57:13	Dal.SaleImplementation.ReadAll:	start readAll in sale
	04/05/2025 22:57:13	Dal.SaleImplementation.ReadAll:	end readAll in sale
	04/05/2025 22:57:13	Dal.CustomerImplementation.Read:	start read in customer
		04/05/2025 22:57:13	Dal.CustomerImplementation.Deserialize:	start deserialize in customer
		04/05/2025 22:57:13	Dal.CustomerImplementation.Deserialize:	end deserialize in customer
	04/05/2025 22:57:13	Dal.CustomerImplementation.Read:	end read in customer
	04/05/2025 22:57:13	Dal.ProductImplementation.ReadAll:	start readAll in product
		04/05/2025 22:57:13	Dal.ProductImplementation.Deserialize:	start deserialize in product
		04/05/2025 22:57:13	Dal.ProductImplementation.Deserialize:	end deserialize in product
	04/05/2025 22:57:13	Dal.ProductImplementation.ReadAll:	end readAll in product
	04/05/2025 22:57:13	Dal.SaleImplementation.ReadAll:	start readAll in sale
	04/05/2025 22:57:13	Dal.SaleImplementation.ReadAll:	end readAll in sale
	04/05/2025 22:57:13	Dal.SaleImplementation.ReadAll:	start readAll in sale
	04/05/2025 22:57:13	Dal.SaleImplementation.ReadAll:	end readAll in sale
	04/05/2025 22:57:13	Dal.SaleImplementation.ReadAll:	start readAll in sale
	04/05/2025 22:57:13	Dal.SaleImplementation.ReadAll:	end readAll in sale
	04/05/2025 22:57:13	Dal.CustomerImplementation.Read:	start read in customer
		04/05/2025 22:57:13	Dal.CustomerImplementation.Deserialize:	start deserialize in customer
		04/05/2025 22:57:13	Dal.CustomerImplementation.Deserialize:	end deserialize in customer
	04/05/2025 22:57:13	Dal.CustomerImplementation.Read:	end read in customer
	04/05/2025 22:57:13	Dal.ProductImplementation.ReadAll:	start readAll in product
		04/05/2025 22:57:13	Dal.ProductImplementation.Deserialize:	start deserialize in product
		04/05/2025 22:57:13	Dal.ProductImplementation.Deserialize:	end deserialize in product
	04/05/2025 22:57:13	Dal.ProductImplementation.ReadAll:	end readAll in product
	04/05/2025 22:57:13	Dal.SaleImplementation.ReadAll:	start readAll in sale
	04/05/2025 22:57:13	Dal.SaleImplementation.ReadAll:	end readAll in sale
	04/05/2025 22:57:13	Dal.SaleImplementation.ReadAll:	start readAll in sale
	04/05/2025 22:57:13	Dal.SaleImplementation.ReadAll:	end readAll in sale
	04/05/2025 22:57:13	Dal.SaleImplementation.ReadAll:	start readAll in sale
	04/05/2025 22:57:13	Dal.SaleImplementation.ReadAll:	end readAll in sale
	04/05/2025 22:57:20	Dal.CustomerImplementation.Read:	start read in customer
		04/05/2025 22:57:20	Dal.CustomerImplementation.Deserialize:	start deserialize in customer
		04/05/2025 22:57:20	Dal.CustomerImplementation.Deserialize:	end deserialize in customer
	04/05/2025 22:57:20	Dal.CustomerImplementation.Read:	end read in customer
	04/05/2025 22:57:20	Dal.ProductImplementation.ReadAll:	start readAll in product
		04/05/2025 22:57:20	Dal.ProductImplementation.Deserialize:	start deserialize in product
		04/05/2025 22:57:20	Dal.ProductImplementation.Deserialize:	end deserialize in product
	04/05/2025 22:57:20	Dal.ProductImplementation.ReadAll:	end readAll in product
	04/05/2025 22:57:20	Dal.SaleImplementation.ReadAll:	start readAll in sale
	04/05/2025 22:57:20	Dal.SaleImplementation.ReadAll:	end readAll in sale
	04/05/2025 22:57:20	Dal.SaleImplementation.ReadAll:	start readAll in sale
	04/05/2025 22:57:20	Dal.SaleImplementation.ReadAll:	end readAll in sale
	04/05/2025 22:57:20	Dal.SaleImplementation.ReadAll:	start readAll in sale
	04/05/2025 22:57:20	Dal.SaleImplementation.ReadAll:	end readAll in sale
	04/05/2025 22:57:20	Dal.CustomerImplementation.Read:	start read in customer
		04/05/2025 22:57:20	Dal.CustomerImplementation.Deserialize:	start deserialize in customer
		04/05/2025 22:57:20	Dal.CustomerImplementation.Deserialize:	end deserialize in customer
	04/05/2025 22:57:20	Dal.CustomerImplementation.Read:	end read in customer
	04/05/2025 22:57:21	Dal.ProductImplementation.ReadAll:	start readAll in product
		04/05/2025 22:57:21	Dal.ProductImplementation.Deserialize:	start deserialize in product
		04/05/2025 22:57:21	Dal.ProductImplementation.Deserialize:	end deserialize in product
	04/05/2025 22:57:21	Dal.ProductImplementation.ReadAll:	end readAll in product
	04/05/2025 22:57:21	Dal.SaleImplementation.ReadAll:	start readAll in sale
	04/05/2025 22:57:21	Dal.SaleImplementation.ReadAll:	end readAll in sale
	04/05/2025 22:57:21	Dal.SaleImplementation.ReadAll:	start readAll in sale
	04/05/2025 22:57:21	Dal.SaleImplementation.ReadAll:	end readAll in sale
	04/05/2025 22:57:21	Dal.SaleImplementation.ReadAll:	start readAll in sale
	04/05/2025 22:57:21	Dal.SaleImplementation.ReadAll:	end readAll in sale
	04/05/2025 22:57:21	Dal.CustomerImplementation.Read:	start read in customer
		04/05/2025 22:57:21	Dal.CustomerImplementation.Deserialize:	start deserialize in customer
		04/05/2025 22:57:21	Dal.CustomerImplementation.Deserialize:	end deserialize in customer
	04/05/2025 22:57:21	Dal.CustomerImplementation.Read:	end read in customer
	04/05/2025 22:57:21	Dal.ProductImplementation.ReadAll:	start readAll in product
		04/05/2025 22:57:21	Dal.ProductImplementation.Deserialize:	start deserialize in product
		04/05/2025 22:57:21	Dal.ProductImplementation.Deserialize:	end deserialize in product
	04/05/2025 22:57:21	Dal.ProductImplementation.ReadAll:	end readAll in product
	04/05/2025 22:57:21	Dal.SaleImplementation.ReadAll:	start readAll in sale
	04/05/2025 22:57:21	Dal.SaleImplementation.ReadAll:	end readAll in sale
	04/05/2025 22:57:21	Dal.SaleImplementation.ReadAll:	start readAll in sale
	04/05/2025 22:57:21	Dal.SaleImplementation.ReadAll:	end readAll in sale
	04/05/2025 22:57:21	Dal.SaleImplementation.ReadAll:	start readAll in sale
	04/05/2025 22:57:21	Dal.SaleImplementation.ReadAll:	end readAll in sale
	04/05/2025 22:57:21	Dal.CustomerImplementation.Read:	start read in customer
		04/05/2025 22:57:21	Dal.CustomerImplementation.Deserialize:	start deserialize in customer
		04/05/2025 22:57:21	Dal.CustomerImplementation.Deserialize:	end deserialize in customer
	04/05/2025 22:57:21	Dal.CustomerImplementation.Read:	end read in customer
	04/05/2025 22:57:21	Dal.ProductImplementation.ReadAll:	start readAll in product
		04/05/2025 22:57:21	Dal.ProductImplementation.Deserialize:	start deserialize in product
		04/05/2025 22:57:21	Dal.ProductImplementation.Deserialize:	end deserialize in product
	04/05/2025 22:57:21	Dal.ProductImplementation.ReadAll:	end readAll in product
	04/05/2025 22:57:21	Dal.SaleImplementation.ReadAll:	start readAll in sale
	04/05/2025 22:57:21	Dal.SaleImplementation.ReadAll:	end readAll in sale
	04/05/2025 22:57:21	Dal.SaleImplementation.ReadAll:	start readAll in sale
	04/05/2025 22:57:21	Dal.SaleImplementation.ReadAll:	end readAll in sale
	04/05/2025 22:57:21	Dal.SaleImplementation.ReadAll:	start readAll in sale
	04/05/2025 22:57:21	Dal.SaleImplementation.ReadAll:	end readAll in sale
	04/05/2025 22:59:34	Dal.CustomerImplementation.ReadAll:	start readAll in customer
		04/05/2025 22:59:34	Dal.CustomerImplementation.Deserialize:	start deserialize in customer
		04/05/2025 22:59:34	Dal.CustomerImplementation.Deserialize:	end deserialize in customer
	04/05/2025 22:59:34	Dal.CustomerImplementation.ReadAll:	end readAll in customer
	04/05/2025 22:59:44	Dal.SaleImplementation.ReadAll:	start readAll in sale
	04/05/2025 22:59:44	Dal.SaleImplementation.ReadAll:	end readAll in sale
	04/05/2025 22:59:48	Dal.ProductImplementation.ReadAll:	start readAll in product
		04/05/2025 22:59:48	Dal.ProductImplementation.Deserialize:	start deserialize in product
		04/05/2025 22:59:48	Dal.ProductImplementation.Deserialize:	end deserialize in product
	04/05/2025 22:59:48	Dal.ProductImplementation.ReadAll:	end readAll in product
	04/05/2025 22:59:48	Dal.SaleImplementation.ReadAll:	start readAll in sale
	04/05/2025 22:59:48	Dal.SaleImplementation.ReadAll:	end readAll in sale
	04/05/2025 22:59:48	Dal.SaleImplementation.ReadAll:	start readAll in sale
	04/05/2025 22:59:48	Dal.SaleImplementation.ReadAll:	end readAll in sale
	04/05/2025 22:59:48	Dal.SaleImplementation.ReadAll:	start readAll in sale
	04/05/2025 22:59:48	Dal.SaleImplementation.ReadAll:	end readAll in sale
	04/05/2025 22:59:52	Dal.ProductImplementation.ReadAll:	start readAll in product
		04/05/2025 22:59:52	Dal.ProductImplementation.Deserialize:	start deserialize in product
		04/05/2025 22:59:52	Dal.ProductImplementation.Deserialize:	end deserialize in product
	04/05/2025 22:59:52	Dal.ProductImplementation.ReadAll:	end readAll in product
	04/05/2025 22:59:54	Dal.ProductImplementation.ReadAll:	start readAll in product
		04/05/2025 22:59:54	Dal.ProductImplementation.Deserialize:	start deserialize in product
		04/05/2025 22:59:54	Dal.ProductImplementation.Deserialize:	end deserialize in product
	04/05/2025 22:59:54	Dal.ProductImplementation.ReadAll:	end readAll in product
	04/05/2025 22:59:54	Dal.SaleImplementation.ReadAll:	start readAll in sale
	04/05/2025 22:59:54	Dal.SaleImplementation.ReadAll:	end readAll in sale
	04/05/2025 22:59:58	Dal.ProductImplementation.ReadAll:	start readAll in product
		04/05/2025 22:59:58	Dal.ProductImplementation.Deserialize:	start deserialize in product
		04/05/2025 22:59:58	Dal.ProductImplementation.Deserialize:	end deserialize in product
	04/05/2025 22:59:58	Dal.ProductImplementation.ReadAll:	end readAll in product
	04/05/2025 22:59:58	Dal.SaleImplementation.ReadAll:	start readAll in sale
	04/05/2025 22:59:58	Dal.SaleImplementation.ReadAll:	end readAll in sale
	04/05/2025 22:59:58	Dal.SaleImplementation.ReadAll:	start readAll in sale
	04/05/2025 22:59:58	Dal.SaleImplementation.ReadAll:	end readAll in sale
	04/05/2025 23:00:21	Dal.ProductImplementation.ReadAll:	start readAll in product
		04/05/2025 23:00:21	Dal.ProductImplementation.Deserialize:	start deserialize in product
		04/05/2025 23:00:21	Dal.ProductImplementation.Deserialize:	end deserialize in product
	04/05/2025 23:00:21	Dal.ProductImplementation.ReadAll:	end readAll in product
	04/05/2025 23:00:21	Dal.SaleImplementation.ReadAll:	start readAll in sale
	04/05/2025 23:00:21	Dal.SaleImplementation.ReadAll:	end readAll in sale
	04/05/2025 23:00:21	Dal.SaleImplementation.ReadAll:	start readAll in sale
	04/05/2025 23:00:21	Dal.SaleImplementation.ReadAll:	end readAll in sale
	04/05/2025 23:00:21	Dal.SaleImplementation.ReadAll:	start readAll in sale
	04/05/2025 23:00:21	Dal.SaleImplementation.ReadAll:	end readAll in sale
	04/05/2025 23:01:05	Dal.CustomerImplementation.Read:	start read in customer
		04/05/2025 23:01:05	Dal.CustomerImplementation.Deserialize:	start deserialize in customer
		04/05/2025 23:01:05	Dal.CustomerImplementation.Deserialize:	end deserialize in customer
	04/05/2025 23:01:05	Dal.CustomerImplementation.Read:	end read in customer
	04/05/2025 23:01:05	Dal.ProductImplementation.ReadAll:	start readAll in product
		04/05/2025 23:01:05	Dal.ProductImplementation.Deserialize:	start deserialize in product
		04/05/2025 23:01:05	Dal.ProductImplementation.Deserialize:	end deserialize in product
	04/05/2025 23:01:05	Dal.ProductImplementation.ReadAll:	end readAll in product
	04/05/2025 23:01:05	Dal.SaleImplementation.ReadAll:	start readAll in sale
	04/05/2025 23:01:05	Dal.SaleImplementation.ReadAll:	end readAll in sale
	04/05/2025 23:01:05	Dal.SaleImplementation.ReadAll:	start readAll in sale
	04/05/2025 23:01:05	Dal.SaleImplementation.ReadAll:	end readAll in sale
	04/05/2025 23:01:05	Dal.SaleImplementation.ReadAll:	start readAll in sale
	04/05/2025 23:01:05	Dal.SaleImplementation.ReadAll:	end readAll in sale
	04/05/2025 23:01:05	Dal.CustomerImplementation.Read:	start read in customer
		04/05/2025 23:01:05	Dal.CustomerImplementation.Deserialize:	start deserialize in customer
		04/05/2025 23:01:05	Dal.CustomerImplementation.Deserialize:	end deserialize in customer
	04/05/2025 23:01:05	Dal.CustomerImplementation.Read:	end read in customer
	04/05/2025 23:01:05	Dal.ProductImplementation.ReadAll:	start readAll in product
		04/05/2025 23:01:05	Dal.ProductImplementation.Deserialize:	start deserialize in product
		04/05/2025 23:01:05	Dal.ProductImplementation.Deserialize:	end deserialize in product
	04/05/2025 23:01:05	Dal.ProductImplementation.ReadAll:	end readAll in product
	04/05/2025 23:01:05	Dal.SaleImplementation.ReadAll:	start readAll in sale
	04/05/2025 23:01:05	Dal.SaleImplementation.ReadAll:	end readAll in sale
	04/05/2025 23:01:05	Dal.SaleImplementation.ReadAll:	start readAll in sale
	04/05/2025 23:01:05	Dal.SaleImplementation.ReadAll:	end readAll in sale
	04/05/2025 23:01:05	Dal.SaleImplementation.ReadAll:	start readAll in sale
	04/05/2025 23:01:05	Dal.SaleImplementation.ReadAll:	end readAll in sale
	04/05/2025 23:01:05	Dal.CustomerImplementation.Read:	start read in customer
		04/05/2025 23:01:05	Dal.CustomerImplementation.Deserialize:	start deserialize in customer
		04/05/2025 23:01:05	Dal.CustomerImplementation.Deserialize:	end deserialize in customer
	04/05/2025 23:01:05	Dal.CustomerImplementation.Read:	end read in customer
	04/05/2025 23:01:05	Dal.ProductImplementation.ReadAll:	start readAll in product
		04/05/2025 23:01:05	Dal.ProductImplementation.Deserialize:	start deserialize in product
		04/05/2025 23:01:05	Dal.ProductImplementation.Deserialize:	end deserialize in product
	04/05/2025 23:01:05	Dal.ProductImplementation.ReadAll:	end readAll in product
	04/05/2025 23:01:05	Dal.SaleImplementation.ReadAll:	start readAll in sale
	04/05/2025 23:01:05	Dal.SaleImplementation.ReadAll:	end readAll in sale
	04/05/2025 23:01:05	Dal.SaleImplementation.ReadAll:	start readAll in sale
	04/05/2025 23:01:05	Dal.SaleImplementation.ReadAll:	end readAll in sale
	04/05/2025 23:01:05	Dal.SaleImplementation.ReadAll:	start readAll in sale
	04/05/2025 23:01:05	Dal.SaleImplementation.ReadAll:	end readAll in sale
	04/05/2025 23:01:05	Dal.CustomerImplementation.Read:	start read in customer
		04/05/2025 23:01:05	Dal.CustomerImplementation.Deserialize:	start deserialize in customer
		04/05/2025 23:01:05	Dal.CustomerImplementation.Deserialize:	end deserialize in customer
	04/05/2025 23:01:05	Dal.CustomerImplementation.Read:	end read in customer
	04/05/2025 23:01:05	Dal.ProductImplementation.ReadAll:	start readAll in product
		04/05/2025 23:01:05	Dal.ProductImplementation.Deserialize:	start deserialize in product
		04/05/2025 23:01:05	Dal.ProductImplementation.Deserialize:	end deserialize in product
	04/05/2025 23:01:05	Dal.ProductImplementation.ReadAll:	end readAll in product
	04/05/2025 23:01:05	Dal.SaleImplementation.ReadAll:	start readAll in sale
	04/05/2025 23:01:05	Dal.SaleImplementation.ReadAll:	end readAll in sale
	04/05/2025 23:01:05	Dal.SaleImplementation.ReadAll:	start readAll in sale
	04/05/2025 23:01:05	Dal.SaleImplementation.ReadAll:	end readAll in sale
	04/05/2025 23:01:05	Dal.SaleImplementation.ReadAll:	start readAll in sale
	04/05/2025 23:01:05	Dal.SaleImplementation.ReadAll:	end readAll in sale
