	05/05/2025 02:35:44	Dal.CustomerImplementation.ReadAll:	start readAll in customer
		05/05/2025 02:35:44	Dal.CustomerImplementation.Deserialize:	start deserialize in customer
		05/05/2025 02:35:44	Dal.CustomerImplementation.Deserialize:	end deserialize in customer
	05/05/2025 02:35:44	Dal.CustomerImplementation.ReadAll:	end readAll in customer
	05/05/2025 02:35:55	Dal.ProductImplementation.ReadAll:	start readAll in product
		05/05/2025 02:35:55	Dal.ProductImplementation.Deserialize:	start deserialize in product
		05/05/2025 02:35:56	Dal.ProductImplementation.Deserialize:	end deserialize in product
	05/05/2025 02:35:56	Dal.ProductImplementation.ReadAll:	end readAll in product
	05/05/2025 02:35:56	Dal.SaleImplementation.ReadAll:	start readAll in sale
	05/05/2025 02:35:56	Dal.SaleImplementation.ReadAll:	end readAll in sale
	05/05/2025 02:35:56	Dal.SaleImplementation.ReadAll:	start readAll in sale
	05/05/2025 02:35:56	Dal.SaleImplementation.ReadAll:	end readAll in sale
	05/05/2025 02:35:56	Dal.SaleImplementation.ReadAll:	start readAll in sale
	05/05/2025 02:35:56	Dal.SaleImplementation.ReadAll:	end readAll in sale
	05/05/2025 02:35:56	Dal.SaleImplementation.ReadAll:	start readAll in sale
	05/05/2025 02:35:56	Dal.SaleImplementation.ReadAll:	end readAll in sale
	05/05/2025 02:35:56	Dal.SaleImplementation.ReadAll:	start readAll in sale
	05/05/2025 02:35:56	Dal.SaleImplementation.ReadAll:	end readAll in sale
	05/05/2025 02:35:56	Dal.SaleImplementation.ReadAll:	start readAll in sale
	05/05/2025 02:35:56	Dal.SaleImplementation.ReadAll:	end readAll in sale
	05/05/2025 02:35:56	Dal.SaleImplementation.ReadAll:	start readAll in sale
	05/05/2025 02:35:56	Dal.SaleImplementation.ReadAll:	end readAll in sale
	05/05/2025 02:35:56	Dal.SaleImplementation.ReadAll:	start readAll in sale
	05/05/2025 02:35:56	Dal.SaleImplementation.ReadAll:	end readAll in sale
	05/05/2025 02:35:56	Dal.SaleImplementation.ReadAll:	start readAll in sale
	05/05/2025 02:35:56	Dal.SaleImplementation.ReadAll:	end readAll in sale
	05/05/2025 02:35:56	Dal.SaleImplementation.ReadAll:	start readAll in sale
	05/05/2025 02:35:56	Dal.SaleImplementation.ReadAll:	end readAll in sale
	05/05/2025 02:36:21	Dal.ProductImplementation.ReadAll:	start readAll in product
		05/05/2025 02:36:21	Dal.ProductImplementation.Deserialize:	start deserialize in product
		05/05/2025 02:36:21	Dal.ProductImplementation.Deserialize:	end deserialize in product
	05/05/2025 02:36:21	Dal.ProductImplementation.ReadAll:	end readAll in product
	05/05/2025 02:36:21	Dal.SaleImplementation.ReadAll:	start readAll in sale
	05/05/2025 02:36:21	Dal.SaleImplementation.ReadAll:	end readAll in sale
	05/05/2025 02:36:21	Dal.SaleImplementation.ReadAll:	start readAll in sale
	05/05/2025 02:36:21	Dal.SaleImplementation.ReadAll:	end readAll in sale
	05/05/2025 02:36:25	Dal.ProductImplementation.ReadAll:	start readAll in product
		05/05/2025 02:36:25	Dal.ProductImplementation.Deserialize:	start deserialize in product
		05/05/2025 02:36:25	Dal.ProductImplementation.Deserialize:	end deserialize in product
	05/05/2025 02:36:25	Dal.ProductImplementation.ReadAll:	end readAll in product
	05/05/2025 02:36:25	Dal.SaleImplementation.ReadAll:	start readAll in sale
	05/05/2025 02:36:25	Dal.SaleImplementation.ReadAll:	end readAll in sale
	05/05/2025 02:36:25	Dal.SaleImplementation.ReadAll:	start readAll in sale
	05/05/2025 02:36:25	Dal.SaleImplementation.ReadAll:	end readAll in sale
	05/05/2025 02:36:32	Dal.SaleImplementation.ReadAll:	start readAll in sale
	05/05/2025 02:36:32	Dal.SaleImplementation.ReadAll:	end readAll in sale
	05/05/2025 02:36:44	Dal.SaleImplementation.ReadAll:	start readAll in sale
	05/05/2025 02:36:44	Dal.SaleImplementation.ReadAll:	end readAll in sale
	05/05/2025 02:36:45	Dal.SaleImplementation.ReadAll:	start readAll in sale
	05/05/2025 02:36:45	Dal.SaleImplementation.ReadAll:	end readAll in sale
	05/05/2025 02:36:45	Dal.SaleImplementation.ReadAll:	start readAll in sale
	05/05/2025 02:36:45	Dal.SaleImplementation.ReadAll:	end readAll in sale
	05/05/2025 02:36:46	Dal.SaleImplementation.ReadAll:	start readAll in sale
	05/05/2025 02:36:46	Dal.SaleImplementation.ReadAll:	end readAll in sale
	05/05/2025 02:36:47	Dal.SaleImplementation.ReadAll:	start readAll in sale
	05/05/2025 02:36:47	Dal.SaleImplementation.ReadAll:	end readAll in sale
	05/05/2025 02:36:47	Dal.SaleImplementation.ReadAll:	start readAll in sale
	05/05/2025 02:36:47	Dal.SaleImplementation.ReadAll:	end readAll in sale
