	06/05/2025 01:11:51	Dal.CustomerImplementation.ReadAll:	start readAll in customer
		06/05/2025 01:11:51	Dal.CustomerImplementation.Deserialize:	start deserialize in customer
		06/05/2025 01:11:51	Dal.CustomerImplementation.Deserialize:	end deserialize in customer
	06/05/2025 01:11:51	Dal.CustomerImplementation.ReadAll:	end readAll in customer
	06/05/2025 01:11:54	Dal.SaleImplementation.ReadAll:	start readAll in sale
	06/05/2025 01:11:54	Dal.SaleImplementation.ReadAll:	end readAll in sale
	06/05/2025 01:12:01	Dal.CustomerImplementation.Read:	start read in customer
		06/05/2025 01:12:01	Dal.CustomerImplementation.Deserialize:	start deserialize in customer
		06/05/2025 01:12:01	Dal.CustomerImplementation.Deserialize:	end deserialize in customer
	06/05/2025 01:12:01	Dal.CustomerImplementation.Read:	end read in customer
	06/05/2025 01:12:01	Dal.ProductImplementation.ReadAll:	start readAll in product
		06/05/2025 01:12:01	Dal.ProductImplementation.Deserialize:	start deserialize in product
		06/05/2025 01:12:01	Dal.ProductImplementation.Deserialize:	end deserialize in product
	06/05/2025 01:12:01	Dal.ProductImplementation.ReadAll:	end readAll in product
	06/05/2025 01:12:01	Dal.SaleImplementation.ReadAll:	start readAll in sale
	06/05/2025 01:12:01	Dal.SaleImplementation.ReadAll:	end readAll in sale
	06/05/2025 01:12:01	Dal.SaleImplementation.ReadAll:	start readAll in sale
	06/05/2025 01:12:01	Dal.SaleImplementation.ReadAll:	end readAll in sale
	06/05/2025 01:12:01	Dal.SaleImplementation.ReadAll:	start readAll in sale
	06/05/2025 01:12:01	Dal.SaleImplementation.ReadAll:	end readAll in sale
	06/05/2025 01:12:01	Dal.SaleImplementation.ReadAll:	start readAll in sale
	06/05/2025 01:12:01	Dal.SaleImplementation.ReadAll:	end readAll in sale
	06/05/2025 01:12:01	Dal.SaleImplementation.ReadAll:	start readAll in sale
	06/05/2025 01:12:01	Dal.SaleImplementation.ReadAll:	end readAll in sale
	06/05/2025 01:12:01	Dal.SaleImplementation.ReadAll:	start readAll in sale
	06/05/2025 01:12:01	Dal.SaleImplementation.ReadAll:	end readAll in sale
	06/05/2025 01:12:01	Dal.SaleImplementation.ReadAll:	start readAll in sale
	06/05/2025 01:12:01	Dal.SaleImplementation.ReadAll:	end readAll in sale
	06/05/2025 01:12:01	Dal.SaleImplementation.ReadAll:	start readAll in sale
	06/05/2025 01:12:01	Dal.SaleImplementation.ReadAll:	end readAll in sale
	06/05/2025 01:12:01	Dal.SaleImplementation.ReadAll:	start readAll in sale
	06/05/2025 01:12:01	Dal.SaleImplementation.ReadAll:	end readAll in sale
	06/05/2025 01:12:01	Dal.SaleImplementation.ReadAll:	start readAll in sale
	06/05/2025 01:12:01	Dal.SaleImplementation.ReadAll:	end readAll in sale
	06/05/2025 01:12:01	Dal.CustomerImplementation.Read:	start read in customer
		06/05/2025 01:12:01	Dal.CustomerImplementation.Deserialize:	start deserialize in customer
		06/05/2025 01:12:01	Dal.CustomerImplementation.Deserialize:	end deserialize in customer
	06/05/2025 01:12:01	Dal.CustomerImplementation.Read:	end read in customer
	06/05/2025 01:12:02	Dal.ProductImplementation.ReadAll:	start readAll in product
		06/05/2025 01:12:02	Dal.ProductImplementation.Deserialize:	start deserialize in product
		06/05/2025 01:12:02	Dal.ProductImplementation.Deserialize:	end deserialize in product
	06/05/2025 01:12:02	Dal.ProductImplementation.ReadAll:	end readAll in product
	06/05/2025 01:12:02	Dal.SaleImplementation.ReadAll:	start readAll in sale
	06/05/2025 01:12:02	Dal.SaleImplementation.ReadAll:	end readAll in sale
	06/05/2025 01:12:02	Dal.SaleImplementation.ReadAll:	start readAll in sale
	06/05/2025 01:12:02	Dal.SaleImplementation.ReadAll:	end readAll in sale
	06/05/2025 01:12:02	Dal.SaleImplementation.ReadAll:	start readAll in sale
	06/05/2025 01:12:02	Dal.SaleImplementation.ReadAll:	end readAll in sale
	06/05/2025 01:12:02	Dal.SaleImplementation.ReadAll:	start readAll in sale
	06/05/2025 01:12:02	Dal.SaleImplementation.ReadAll:	end readAll in sale
	06/05/2025 01:12:02	Dal.SaleImplementation.ReadAll:	start readAll in sale
	06/05/2025 01:12:02	Dal.SaleImplementation.ReadAll:	end readAll in sale
	06/05/2025 01:12:02	Dal.SaleImplementation.ReadAll:	start readAll in sale
	06/05/2025 01:12:02	Dal.SaleImplementation.ReadAll:	end readAll in sale
	06/05/2025 01:12:02	Dal.SaleImplementation.ReadAll:	start readAll in sale
	06/05/2025 01:12:02	Dal.SaleImplementation.ReadAll:	end readAll in sale
	06/05/2025 01:12:02	Dal.SaleImplementation.ReadAll:	start readAll in sale
	06/05/2025 01:12:02	Dal.SaleImplementation.ReadAll:	end readAll in sale
	06/05/2025 01:12:02	Dal.SaleImplementation.ReadAll:	start readAll in sale
	06/05/2025 01:12:02	Dal.SaleImplementation.ReadAll:	end readAll in sale
	06/05/2025 01:12:02	Dal.SaleImplementation.ReadAll:	start readAll in sale
	06/05/2025 01:12:02	Dal.SaleImplementation.ReadAll:	end readAll in sale
	06/05/2025 01:12:02	Dal.CustomerImplementation.Read:	start read in customer
		06/05/2025 01:12:02	Dal.CustomerImplementation.Deserialize:	start deserialize in customer
		06/05/2025 01:12:02	Dal.CustomerImplementation.Deserialize:	end deserialize in customer
	06/05/2025 01:12:02	Dal.CustomerImplementation.Read:	end read in customer
	06/05/2025 01:12:02	Dal.ProductImplementation.ReadAll:	start readAll in product
		06/05/2025 01:12:02	Dal.ProductImplementation.Deserialize:	start deserialize in product
		06/05/2025 01:12:02	Dal.ProductImplementation.Deserialize:	end deserialize in product
	06/05/2025 01:12:02	Dal.ProductImplementation.ReadAll:	end readAll in product
	06/05/2025 01:12:02	Dal.SaleImplementation.ReadAll:	start readAll in sale
	06/05/2025 01:12:02	Dal.SaleImplementation.ReadAll:	end readAll in sale
	06/05/2025 01:12:02	Dal.SaleImplementation.ReadAll:	start readAll in sale
	06/05/2025 01:12:02	Dal.SaleImplementation.ReadAll:	end readAll in sale
	06/05/2025 01:12:02	Dal.SaleImplementation.ReadAll:	start readAll in sale
	06/05/2025 01:12:02	Dal.SaleImplementation.ReadAll:	end readAll in sale
	06/05/2025 01:12:02	Dal.SaleImplementation.ReadAll:	start readAll in sale
	06/05/2025 01:12:02	Dal.SaleImplementation.ReadAll:	end readAll in sale
	06/05/2025 01:12:02	Dal.SaleImplementation.ReadAll:	start readAll in sale
	06/05/2025 01:12:02	Dal.SaleImplementation.ReadAll:	end readAll in sale
	06/05/2025 01:12:02	Dal.SaleImplementation.ReadAll:	start readAll in sale
	06/05/2025 01:12:02	Dal.SaleImplementation.ReadAll:	end readAll in sale
	06/05/2025 01:12:02	Dal.SaleImplementation.ReadAll:	start readAll in sale
	06/05/2025 01:12:02	Dal.SaleImplementation.ReadAll:	end readAll in sale
	06/05/2025 01:12:02	Dal.SaleImplementation.ReadAll:	start readAll in sale
	06/05/2025 01:12:02	Dal.SaleImplementation.ReadAll:	end readAll in sale
	06/05/2025 01:12:02	Dal.SaleImplementation.ReadAll:	start readAll in sale
	06/05/2025 01:12:02	Dal.SaleImplementation.ReadAll:	end readAll in sale
	06/05/2025 01:12:02	Dal.SaleImplementation.ReadAll:	start readAll in sale
	06/05/2025 01:12:02	Dal.SaleImplementation.ReadAll:	end readAll in sale
	06/05/2025 01:12:02	Dal.CustomerImplementation.Read:	start read in customer
		06/05/2025 01:12:02	Dal.CustomerImplementation.Deserialize:	start deserialize in customer
		06/05/2025 01:12:02	Dal.CustomerImplementation.Deserialize:	end deserialize in customer
	06/05/2025 01:12:02	Dal.CustomerImplementation.Read:	end read in customer
	06/05/2025 01:12:02	Dal.ProductImplementation.ReadAll:	start readAll in product
		06/05/2025 01:12:02	Dal.ProductImplementation.Deserialize:	start deserialize in product
		06/05/2025 01:12:02	Dal.ProductImplementation.Deserialize:	end deserialize in product
	06/05/2025 01:12:02	Dal.ProductImplementation.ReadAll:	end readAll in product
	06/05/2025 01:12:02	Dal.SaleImplementation.ReadAll:	start readAll in sale
	06/05/2025 01:12:02	Dal.SaleImplementation.ReadAll:	end readAll in sale
	06/05/2025 01:12:02	Dal.SaleImplementation.ReadAll:	start readAll in sale
	06/05/2025 01:12:02	Dal.SaleImplementation.ReadAll:	end readAll in sale
	06/05/2025 01:12:02	Dal.SaleImplementation.ReadAll:	start readAll in sale
	06/05/2025 01:12:02	Dal.SaleImplementation.ReadAll:	end readAll in sale
	06/05/2025 01:12:02	Dal.SaleImplementation.ReadAll:	start readAll in sale
	06/05/2025 01:12:02	Dal.SaleImplementation.ReadAll:	end readAll in sale
	06/05/2025 01:12:02	Dal.SaleImplementation.ReadAll:	start readAll in sale
	06/05/2025 01:12:02	Dal.SaleImplementation.ReadAll:	end readAll in sale
	06/05/2025 01:12:02	Dal.SaleImplementation.ReadAll:	start readAll in sale
	06/05/2025 01:12:02	Dal.SaleImplementation.ReadAll:	end readAll in sale
	06/05/2025 01:12:02	Dal.SaleImplementation.ReadAll:	start readAll in sale
	06/05/2025 01:12:02	Dal.SaleImplementation.ReadAll:	end readAll in sale
	06/05/2025 01:12:02	Dal.SaleImplementation.ReadAll:	start readAll in sale
	06/05/2025 01:12:02	Dal.SaleImplementation.ReadAll:	end readAll in sale
	06/05/2025 01:12:02	Dal.SaleImplementation.ReadAll:	start readAll in sale
	06/05/2025 01:12:02	Dal.SaleImplementation.ReadAll:	end readAll in sale
	06/05/2025 01:12:02	Dal.SaleImplementation.ReadAll:	start readAll in sale
	06/05/2025 01:12:02	Dal.SaleImplementation.ReadAll:	end readAll in sale
